[00:021] Starting FOnline (version 0360-C5)...

[00:034] Engine initialization...
[00:035] DirectInput initialization...
[00:107] DirectInput initialization complete.
[00:177] Sprite manager initialization...
[00:287] Sprite manager initialization complete.
[00:310] Sound manager initialization...
[00:380] Sound manager initialization complete.
[00:473] Loaded<352> critter types.
[00:659] Load scripts...
[00:710] Bind reserved functions...
[00:711] Bind reserved functions complete.
[00:804] Load scripts complete.
[00:817] Interface initialization.
[00:817] Load data.
[00:821] Signature<LogOptions> not found.
[00:821] Signature<LogOptionsText> not found.
[00:849] Load sprites.
[00:859] File<RED2.png> not found.
[00:885] Signature<LogPlayPicDn> not found.
[00:897] Signature<LogRegPicDn> not found.
[00:898] Signature<LogOptionsPicDn> not found.
[00:898] Signature<LogCreditsPicDn> not found.
[00:899] Signature<LogExitPicDn> not found.
[01:096] Interface initialization complete.
[01:097] Item manager initialization...
[01:100] Item manager initialization complete.
[01:149] Hex field initialization...
[01:149] Hex field initialization complete.
[01:150] Engine initialization complete.
[21:674] Network init...
[21:675] Connecting to server<sacredcracker.ru:4000>.
[21:677] Connecting successful.
[21:677] Network init successful.
[21:731] Auntification success.
[21:731] Change map...
[21:731] Get hash of map, pid<531>...[21:732] complete.
[21:733] Load map...[21:879] Load map success.
[21:880] Local map loaded.
[22:212] Chosen parameters...[22:212] complete.
[22:213] Quests...[22:213] Complete.
[51:528] Change map...
[51:564] Global map loaded.
[51:663] Script exception: Null pointer access : client_main : void DrawTimeouts() : 1731, 3 : FOClient::DrawIfaceLayer : Game.
[51:663] Execution of script stopped due to exception.
[51:664] Context<FOClient::DrawIfaceLayer : Game>, state<Exception>, call stack<2>:
[51:664]   1) client_main : void DrawTimeouts() : 1731, 3.
[51:664]   0) client_main : void render_iface(uint) : 1455, 4.
[51:677] Chosen parameters...[51:700] complete.
[51:701] Quests...[51:701] Complete.
[56:499] Change map...
[56:512] Get hash of map, pid<9>...[56:553] complete.
[56:553] Load map...[57:036] Load map success.
[57:037] Local map loaded.
[57:146] Chosen parameters...[57:147] complete.
[57:147] Quests...[57:148] Complete.
[01:14:565] Change map...
[01:14:590] Get hash of map, pid<13>...[01:14:590] Load map<map13> from cache fail.
[01:14:625] Get map...[01:14:629] 13...[01:14:630] New:[01:14:630]  Tiles[01:14:630]  Walls[01:14:630]  Scenery[01:14:631]  Old:[01:14:631] . [01:14:676] Map saved.
[01:14:677] Change map...
[01:14:677] Get hash of map, pid<13>...[01:14:680] complete.
[01:14:680] Load map...[01:14:810] Load map success.
[01:14:811] Local map loaded.
[01:15:866] Chosen parameters...[01:15:866] complete.
[01:15:866] Quests...[01:15:867] Complete.
[01:42:039] Change map...
[01:42:071] Get hash of map, pid<9>...[01:42:074] complete.
[01:42:092] Load map...[01:42:099] Load map success.
[01:42:101] Local map loaded.
[01:42:159] Chosen parameters...[01:42:160] complete.
[01:42:160] Quests...[01:42:161] Complete.
[02:17:775] Change map...
[02:17:787] Global map loaded.
[02:17:803] Chosen parameters...[02:17:804] complete.
[02:17:851] Quests...[02:17:866] Complete.
[14:44:768] Change map...
[14:44:793] Get hash of map, pid<244>...[14:44:793] Load map<map244> from cache fail.
[14:44:803] Get map...[14:44:803] 244...[14:44:804] New:[14:44:804]  Tiles[14:44:804]  Walls[14:44:804]  Scenery[14:44:804]  Old:[14:44:805] . [14:44:807] Map saved.
[14:44:808] Change map...
[14:44:808] Get hash of map, pid<244>...[14:44:809] complete.
[14:44:809] Load map...[14:45:115] Load map success.
[14:45:116] Local map loaded.
[14:46:047] Chosen parameters...[14:46:047] complete.
[14:46:048] Quests...[14:46:048] Complete.
[15:54:891] Change map...
[15:54:925] Global map loaded.
[15:54:940] Chosen parameters...[15:54:941] complete.
[15:54:985] Quests...[15:55:003] Complete.
[19:22:345] Engine finish...
[19:22:345] Disconnect.
[19:22:346] Traffic transfered statistics, in bytes:
Send<5457> Receive<141365> Sum<146822>.
ReceiveReal<659736>.
[19:22:346] Disconnect success.
[19:22:347] Resource manager finish...
[19:22:347] Resource manager finish complete.
[19:22:347] Hex field finish...
[19:22:347] Hex field finish complete.
[19:22:348] Sprite manager finish...
[19:22:366] Sprite manager finish complete.
[19:22:376] Sound manager finish.
[19:22:381] Sound manager finish complete.
[19:22:505] Engine finish complete.
[19:22:509] FOnline finished.
