[00:000] FOnline server, version 0508-EE.
[01:857] ***   Starting initialization   ****
[01:864] Script system initialization...
[01:882] Reload scripts...
[01:885] Load fonline_tla.dll
[03:243] Модуль Mk2 собран за 1,354000 секунд
[03:245] Loading OffPlayer.dll...
[03:568] Generation client craft list: 23ms.
[17:575] BuildCaller...
[22:770] BuildCaller succes
[23:346] Reload scripts complete.
[23:346] Bind reserved functions...
[23:353] Bind reserved functions complete.
[23:353] Script system initialization complete.
[23:353] Loading language packs...
[23:676] Loading language packs complete, loaded<3> packs.
[23:676] Reload client scripts...
[23:693] Load RenderHelper...
[25:742] BuildCaller...
[25:769] BuildCaller succes
[26:158] Reload client scripts complete.
[26:158] Indexing client data.
[26:163] Id<49> of user<Donovan> already used by another client. Skipped.
[26:166] Id<73> of user<Анклав> already used by another client. Skipped.
[26:167] Id<96> of user<Killer Queen> already used by another client. Skipped.
[26:167] Id<85> of user<Саша Белый> already used by another client. Skipped.
[26:168] Id<96> of user<Killer Queen> already used by another client. Skipped.
[26:171] Indexing complete, clients found<102>.
[26:171] AI manager initialization...
[26:171] Find bags...
[26:206] Loaded<179> bags.
[26:206] AI manager initialization complete.
[26:206] Item manager initialization...
[26:212] Item manager initialization complete.
[26:212] Critter manager initialization...
[26:244] Critter manager initialization complete.
[26:244] Map manager initialization...
[26:249] Map manager initialization complete.
[26:249] Var manager initialization.
[26:249] Update template vars...
[26:897] Update template vars complete.
[26:897] Var manager initialization complete.
[26:954] Loaded<465> critter types.
[27:017] Loading items prototypes...
[35:734] Items prototypes successfully loaded, count<6522>.
[35:734] Loading critters prototypes...
[35:859] Loaded<640> critter protos, errors<0>.
[35:859] Load location and map prototypes...
[56:295] Load location and map prototypes complete, loaded<295> location protos.
[57:569] Generation client farm names: 12ms.
[58:036] Begin load world from dump file<save\world0160.fo>.
[58:036] Load game info...
[58:036] Load game info complete.
[58:036] Load locations...
[58:048] Load locations complete, count<57>.
[58:048] Load npc...
[58:304] Load npc complete, count<11999>.
[58:304] Load items...
[59:523] Load items complete, count<67453>.
[59:523] Load vars...
[59:958] Load vars complete, count<39838>.
[59:961] Load time events...
[59:962] Load time events complete, count<23>.
[59:972] Transfer all npc to game...
[01:02:355] Transfer npc complete. Errors<0>.
[01:02:356] Transfer all items to npc, maps and containers...
[01:02:477] Transfer game items complete.
[01:11:563] Starting server on port<16261>.
[01:11:563] Starting net listen thread.
[01:11:563] Starting net work threads, count<1>.
[01:11:573] Fractions: Loaded 14 fractions in 9 miliseconds.
[01:11:706] Main: Newbie location is Active: false
[01:11:708] Starting logic threads, count<1>.
[01:11:708] ***   Starting game loop   ***
[01:12:685] ItemsChecker: Продолжаем с 0
[01:12:685] ItemsChecker: Внимание!! На карте с айди 1 276 нпц.
[01:12:688] ItemsChecker: Внимание!! На карте с айди 156 210 нпц.
[01:12:688] ItemsChecker: Внимание!! На карте с айди 168 266 нпц.
[01:12:688] ItemsChecker: Внимание!! На карте с айди 178 289 нпц.
[01:12:689] ItemsChecker: Внимание!! На карте с айди 187 234 нпц.
[01:12:689] ItemsChecker: Внимание!! На карте с айди 194 268 нпц.
[01:12:690] ItemsChecker: Внимание!! На карте с айди 240 238 нпц.
[01:12:690] ItemsChecker: Внимание!! На карте с айди 243 241 нпц.
[01:12:691] ItemsChecker: Цикл пойска переполненных итемами карт закончен, продолжим через сутки.
[01:16:906] ViewerIp: Login <Cracker002> : <1.0.0.127>
[05:09:563] ViewerIp: Login <zoomer> : <135.178.241.73>
[06:00:000] ViewerIp: Login <TenInchTaint> : <135.178.241.73>
[06:00:008] Script::GetGlobalContext - Script context stack overflow! Context call stack:
[06:00:008]   9) Critter::AddItem : Npc (5015562).
[06:00:008]   8) Critter::AddItem : TenInchTaint.
[06:00:008]   7) Critter::AddItem : Npc (5015562).
[06:00:008]   6) Critter::AddItem : TenInchTaint.
[06:00:008]   5) Critter::AddItem : Npc (5015562).
[06:00:008]   4) Critter::AddItem : TenInchTaint.
[06:00:008]   3) Critter::AddItem : Npc (5015562).
[06:00:008]   2) Critter::AddItem : TenInchTaint.
[06:00:008]   1) Critter::AddItem : Npc (5015562).
[06:00:008]   0) FOServer::ProcessCritter : TenInchTaint.
[06:00:008] Script::PrepareFunctionContext - Invalid script context. Info<Npc (5015562)>.
[06:00:008] Script message:  : Error : Failed in call to function 'Execute' (Code: -4) : 0, 0.
[06:00:008] Execution of script stopped due to Active.
[06:00:008] Context<Critter::AddItem : Npc (5015562)>, state<Active>, call stack<3>:
[06:00:008]   2) Mk2 : bool CritterItemMovement::CritterMoveItem(Critter@, Item@, uint8) : 26603, 6.
[06:00:008]   1) Mk2 : bool ::EventCritterMoveItem::Raise(Critter@, Item@, uint8) : 6202, 3.
[06:00:008]   0) Mk2 : void ::critter_move_item(Critter&inout, Item&inout, uint8) : 6318, 2.
[06:00:008] Script message:  : Error : Failed in call to function 'Prepare' (Code: -2) : 0, 0.
[06:00:008] Script::PrepareFunctionContext - Prepare error, context name<Critter::AddItem : TenInchTaint>, func_id<9851>, error<-2>.
[06:00:008] Script message:  : Error : Failed in call to function 'Execute' (Code: -4) : 0, 0.
[06:00:008] Execution of script stopped due to Active.
[06:00:008] Context<Critter::AddItem : TenInchTaint>, state<Active>, call stack<3>:
[06:00:008]   2) Mk2 : bool CritterItemMovement::CritterMoveItem(Critter@, Item@, uint8) : 26603, 6.
[06:00:008]   1) Mk2 : bool ::EventCritterMoveItem::Raise(Critter@, Item@, uint8) : 6202, 3.
[06:00:008]   0) Mk2 : void ::critter_move_item(Critter&inout, Item&inout, uint8) : 6318, 2.
[06:00:008] Execution of script stopped due to Aborted.
[06:00:008] Context<Critter::AddItem : TenInchTaint>, state<Aborted>, call stack<3>:
[06:00:008]   2) Mk2 : bool CritterItemMovement::CritterMoveItem(Critter@, Item@, uint8) : 26605, 5.
[06:00:008]   1) Mk2 : bool ::EventCritterMoveItem::Raise(Critter@, Item@, uint8) : 6202, 3.
[06:00:008]   0) Mk2 : void ::critter_move_item(Critter&inout, Item&inout, uint8) : 6318, 2.
[06:00:008] Script::GetGlobalContext - Script context stack overflow! Context call stack:
[06:00:008]   9) Critter::AddItem : TenInchTaint.
[06:00:008]   8) Critter::AddItem : TenInchTaint.
[06:00:008]   7) Critter::AddItem : Npc (5015562).
[06:00:008]   6) Critter::AddItem : TenInchTaint.
[06:00:008]   5) Critter::AddItem : Npc (5015562).
[06:00:008]   4) Critter::AddItem : TenInchTaint.
[06:00:008]   3) Critter::AddItem : Npc (5015562).
[06:00:008]   2) Critter::AddItem : TenInchTaint.
[06:00:008]   1) Critter::AddItem : Npc (5015562).
[06:00:008]   0) FOServer::ProcessCritter : TenInchTaint.
[06:00:008] Script::PrepareFunctionContext - Invalid script context. Info<TenInchTaint>.
[06:00:008] Script message:  : Error : Failed in call to function 'Execute' (Code: -4) : 0, 0.
[06:00:008] Script::RunPreparedUnsafe - Context<Critter::AddItem : Npc (5015562)> execute error<-4>, state<Finished>.
[06:00:008] Script::GetGlobalContext - Script context stack overflow! Context call stack:
[06:00:008]   9) Critter::AddItem : TenInchTaint.
[06:00:008]   8) Critter::AddItem : TenInchTaint.
[06:00:008]   7) Critter::AddItem : Npc (5015562).
[06:00:008]   6) Critter::AddItem : TenInchTaint.
[06:00:008]   5) Critter::AddItem : Npc (5015562).
[06:00:008]   4) Critter::AddItem : TenInchTaint.
[06:00:008]   3) Critter::AddItem : Npc (5015562).
[06:00:008]   2) Critter::AddItem : TenInchTaint.
[06:00:008]   1) Critter::AddItem : Npc (5015562).
[06:00:008]   0) FOServer::ProcessCritter : TenInchTaint.
[06:00:008] Script::PrepareFunctionContext - Invalid script context. Info<Npc (5015562)>.
[06:00:008] Script message:  : Error : Failed in call to function 'Execute' (Code: -4) : 0, 0.
[06:00:008] Script::RunPreparedUnsafe - Context<Critter::AddItem : Npc (5015562)> execute error<-4>, state<Finished>.
[06:00:008] Script::GetGlobalContext - Script context stack overflow! Context call stack:
[06:00:008]   9) Critter::AddItem : TenInchTaint.
[06:00:008]   8) Critter::AddItem : TenInchTaint.
[06:00:008]   7) Critter::AddItem : Npc (5015562).
[06:00:008]   6) Critter::AddItem : TenInchTaint.
[06:00:008]   5) Critter::AddItem : Npc (5015562).
[06:00:008]   4) Critter::AddItem : TenInchTaint.
[06:00:008]   3) Critter::AddItem : Npc (5015562).
[06:00:008]   2) Critter::AddItem : TenInchTaint.
[06:00:008]   1) Critter::AddItem : Npc (5015562).
[06:00:008]   0) FOServer::ProcessCritter : TenInchTaint.
[06:00:008] Script::PrepareFunctionContext - Invalid script context. Info<TenInchTaint>.
[06:00:008] Script message:  : Error : Failed in call to function 'Execute' (Code: -4) : 0, 0.
[06:00:008] Script::RunPreparedUnsafe - Context<Critter::AddItem : Npc (5015562)> execute error<-4>, state<Finished>.
[06:00:008] Script::GetGlobalContext - Script context stack overflow! Context call stack:
[06:00:008]   9) Critter::AddItem : TenInchTaint.
[06:00:008]   8) Critter::AddItem : TenInchTaint.
[06:00:008]   7) Critter::AddItem : Npc (5015562).
[06:00:008]   6) Critter::AddItem : TenInchTaint.
[06:00:008]   5) Critter::AddItem : Npc (5015562).
[06:00:008]   4) Critter::AddItem : TenInchTaint.
[06:00:008]   3) Critter::AddItem : Npc (5015562).
[06:00:008]   2) Critter::AddItem : TenInchTaint.
[06:00:008]   1) Critter::AddItem : Npc (5015562).
[06:00:008]   0) FOServer::ProcessCritter : TenInchTaint.
[06:00:008] Script::PrepareFunctionContext - Invalid script context. Info<Npc (5015562)>.
[06:00:008] Script message:  : Error : Failed in call to function 'Execute' (Code: -4) : 0, 0.
[06:00:008] Script::RunPreparedUnsafe - Context<Critter::AddItem : Npc (5015562)> execute error<-4>, state<Finished>.
[06:00:008] Script::GetGlobalContext - Script context stack overflow! Context call stack:
[06:00:008]   9) Critter::AddItem : TenInchTaint.
[06:00:008]   8) Critter::AddItem : TenInchTaint.
[06:00:008]   7) Critter::AddItem : Npc (5015562).
[06:00:008]   6) Critter::AddItem : TenInchTaint.
[06:00:008]   5) Critter::AddItem : Npc (5015562).
[06:00:008]   4) Critter::AddItem : TenInchTaint.
[06:00:008]   3) Critter::AddItem : Npc (5015562).
[06:00:008]   2) Critter::AddItem : TenInchTaint.
[06:00:008]   1) Critter::AddItem : Npc (5015562).
[06:00:008]   0) FOServer::ProcessCritter : TenInchTaint.
[06:00:008] Script::PrepareFunctionContext - Invalid script context. Info<TenInchTaint>.
[06:00:008] Script message:  : Error : Failed in call to function 'Execute' (Code: -4) : 0, 0.
[06:00:008] Script::RunPreparedUnsafe - Context<Critter::AddItem : Npc (5015562)> execute error<-4>, state<Finished>.
[06:00:008] Script::GetGlobalContext - Script context stack overflow! Context call stack:
[06:00:008]   9) Critter::AddItem : TenInchTaint.
[06:00:008]   8) Critter::AddItem : TenInchTaint.
[06:00:008]   7) Critter::AddItem : Npc (5015562).
[06:00:008]   6) Critter::AddItem : TenInchTaint.
[06:00:008]   5) Critter::AddItem : Npc (5015562).
[06:00:008]   4) Critter::AddItem : TenInchTaint.
[06:00:008]   3) Critter::AddItem : Npc (5015562).
[06:00:008]   2) Critter::AddItem : TenInchTaint.
[06:00:008]   1) Critter::AddItem : Npc (5015562).
[06:00:008]   0) FOServer::ProcessCritter : TenInchTaint.
[06:00:008] Script::PrepareFunctionContext - Invalid script context. Info<ScriptDllCall>.
[06:00:008] Script::GetGlobalContext - Script context stack overflow! Context call stack:
[06:00:008]   9) Critter::AddItem : TenInchTaint.
[06:00:008]   8) Critter::AddItem : TenInchTaint.
[06:00:008]   7) Critter::AddItem : Npc (5015562).
[06:00:008]   6) Critter::AddItem : TenInchTaint.
[06:00:008]   5) Critter::AddItem : Npc (5015562).
[06:00:008]   4) Critter::AddItem : TenInchTaint.
[06:00:008]   3) Critter::AddItem : Npc (5015562).
[06:00:008]   2) Critter::AddItem : TenInchTaint.
[06:00:008]   1) Critter::AddItem : Npc (5015562).
[06:00:008]   0) FOServer::ProcessCritter : TenInchTaint.
[06:00:008] Script::PrepareFunctionContext - Invalid script context. Info<ScriptDllCall>.
[06:00:009] Script::GetGlobalContext - Script context stack overflow! Context call stack:
[06:00:009]   9) Critter::AddItem : TenInchTaint.
[06:00:009]   8) Critter::AddItem : TenInchTaint.
[06:00:009]   7) Critter::AddItem : Npc (5015562).
[06:00:009]   6) Critter::AddItem : TenInchTaint.
[06:00:009]   5) Critter::AddItem : Npc (5015562).
[06:00:009]   4) Critter::AddItem : TenInchTaint.
[06:00:009]   3) Critter::AddItem : Npc (5015562).
[06:00:009]   2) Critter::AddItem : TenInchTaint.
[06:00:009]   1) Critter::AddItem : Npc (5015562).
[06:00:009]   0) FOServer::ProcessCritter : TenInchTaint.
[06:00:009] Script::PrepareFunctionContext - Invalid script context. Info<TenInchTaint>.
[06:00:009] Script::GetGlobalContext - Script context stack overflow! Context call stack:
[06:00:009]   9) Critter::AddItem : TenInchTaint.
[06:00:009]   8) Critter::AddItem : TenInchTaint.
[06:00:009]   7) Critter::AddItem : Npc (5015562).
[06:00:009]   6) Critter::AddItem : TenInchTaint.
[06:00:009]   5) Critter::AddItem : Npc (5015562).
[06:00:009]   4) Critter::AddItem : TenInchTaint.
[06:00:009]   3) Critter::AddItem : Npc (5015562).
[06:00:009]   2) Critter::AddItem : TenInchTaint.
[06:00:009]   1) Critter::AddItem : Npc (5015562).
[06:00:009]   0) FOServer::ProcessCritter : TenInchTaint.
[06:00:009] Script::PrepareFunctionContext - Invalid script context. Info<TenInchTaint>.
[06:00:009] Script::GetGlobalContext - Script context stack overflow! Context call stack:
[06:00:009]   9) Critter::AddItem : TenInchTaint.
[06:00:009]   8) Critter::AddItem : TenInchTaint.
[06:00:009]   7) Critter::AddItem : Npc (5015562).
[06:00:009]   6) Critter::AddItem : TenInchTaint.
[06:00:009]   5) Critter::AddItem : Npc (5015562).
[06:00:009]   4) Critter::AddItem : TenInchTaint.
[06:00:009]   3) Critter::AddItem : Npc (5015562).
[06:00:009]   2) Critter::AddItem : TenInchTaint.
[06:00:009]   1) Critter::AddItem : Npc (5015562).
[06:00:009]   0) FOServer::ProcessCritter : TenInchTaint.
[06:00:009] Script::PrepareFunctionContext - Invalid script context. Info<ScriptDllCall>.
[06:00:009] Script::GetGlobalContext - Script context stack overflow! Context call stack:
[06:00:009]   9) Critter::AddItem : TenInchTaint.
[06:00:009]   8) Critter::AddItem : TenInchTaint.
[06:00:009]   7) Critter::AddItem : Npc (5015562).
[06:00:009]   6) Critter::AddItem : TenInchTaint.
[06:00:009]   5) Critter::AddItem : Npc (5015562).
[06:00:009]   4) Critter::AddItem : TenInchTaint.
[06:00:009]   3) Critter::AddItem : Npc (5015562).
[06:00:009]   2) Critter::AddItem : TenInchTaint.
[06:00:009]   1) Critter::AddItem : Npc (5015562).
[06:00:009]   0) FOServer::ProcessCritter : TenInchTaint.
[06:00:009] Script::PrepareFunctionContext - Invalid script context. Info<ScriptDllCall>.
[06:00:009] Script::GetGlobalContext - Script context stack overflow! Context call stack:
[06:00:009]   9) Critter::AddItem : TenInchTaint.
[06:00:009]   8) Critter::AddItem : TenInchTaint.
[06:00:009]   7) Critter::AddItem : Npc (5015562).
[06:00:009]   6) Critter::AddItem : TenInchTaint.
[06:00:009]   5) Critter::AddItem : Npc (5015562).
[06:00:009]   4) Critter::AddItem : TenInchTaint.
[06:00:009]   3) Critter::AddItem : Npc (5015562).
[06:00:009]   2) Critter::AddItem : TenInchTaint.
[06:00:009]   1) Critter::AddItem : Npc (5015562).
[06:00:009]   0) FOServer::ProcessCritter : TenInchTaint.
[06:00:009] Script::PrepareFunctionContext - Invalid script context. Info<ScriptDllCall>.
[06:00:009] Script::GetGlobalContext - Script context stack overflow! Context call stack:
[06:00:009]   9) Critter::AddItem : TenInchTaint.
[06:00:009]   8) Critter::AddItem : TenInchTaint.
[06:00:009]   7) Critter::AddItem : Npc (5015562).
[06:00:009]   6) Critter::AddItem : TenInchTaint.
[06:00:009]   5) Critter::AddItem : Npc (5015562).
[06:00:009]   4) Critter::AddItem : TenInchTaint.
[06:00:009]   3) Critter::AddItem : Npc (5015562).
[06:00:009]   2) Critter::AddItem : TenInchTaint.
[06:00:009]   1) Critter::AddItem : Npc (5015562).
[06:00:009]   0) FOServer::ProcessCritter : TenInchTaint.
[06:00:009] Script::PrepareFunctionContext - Invalid script context. Info<ScriptDllCall>.
[06:00:009] Script::GetGlobalContext - Script context stack overflow! Context call stack:
[06:00:009]   9) Critter::AddItem : TenInchTaint.
[06:00:009]   8) Critter::AddItem : TenInchTaint.
[06:00:009]   7) Critter::AddItem : Npc (5015562).
[06:00:009]   6) Critter::AddItem : TenInchTaint.
[06:00:009]   5) Critter::AddItem : Npc (5015562).
[06:00:009]   4) Critter::AddItem : TenInchTaint.
[06:00:009]   3) Critter::AddItem : Npc (5015562).
[06:00:009]   2) Critter::AddItem : TenInchTaint.
[06:00:009]   1) Critter::AddItem : Npc (5015562).
[06:00:009]   0) FOServer::ProcessCritter : TenInchTaint.
[06:00:009] Script::PrepareFunctionContext - Invalid script context. Info<ScriptDllCall>.
[06:00:009] Script::GetGlobalContext - Script context stack overflow! Context call stack:
[06:00:009]   9) Critter::AddItem : TenInchTaint.
[06:00:009]   8) Critter::AddItem : TenInchTaint.
[06:00:009]   7) Critter::AddItem : Npc (5015562).
[06:00:009]   6) Critter::AddItem : TenInchTaint.
[06:00:009]   5) Critter::AddItem : Npc (5015562).
[06:00:009]   4) Critter::AddItem : TenInchTaint.
[06:00:009]   3) Critter::AddItem : Npc (5015562).
[06:00:009]   2) Critter::AddItem : TenInchTaint.
[06:00:009]   1) Critter::AddItem : Npc (5015562).
[06:00:009]   0) FOServer::ProcessCritter : TenInchTaint.
[06:00:009] Script::PrepareFunctionContext - Invalid script context. Info<ScriptDllCall>.
[06:00:009] Script::GetGlobalContext - Script context stack overflow! Context call stack:
[06:00:009]   9) Critter::AddItem : TenInchTaint.
[06:00:009]   8) Critter::AddItem : TenInchTaint.
[06:00:009]   7) Critter::AddItem : Npc (5015562).
[06:00:009]   6) Critter::AddItem : TenInchTaint.
[06:00:009]   5) Critter::AddItem : Npc (5015562).
[06:00:009]   4) Critter::AddItem : TenInchTaint.
[06:00:009]   3) Critter::AddItem : Npc (5015562).
[06:00:009]   2) Critter::AddItem : TenInchTaint.
[06:00:009]   1) Critter::AddItem : Npc (5015562).
[06:00:009]   0) FOServer::ProcessCritter : TenInchTaint.
[06:00:009] Script::PrepareFunctionContext - Invalid script context. Info<ScriptDllCall>.
[06:00:009] Script::GetGlobalContext - Script context stack overflow! Context call stack:
[06:00:009]   9) Critter::AddItem : TenInchTaint.
[06:00:009]   8) Critter::AddItem : TenInchTaint.
[06:00:009]   7) Critter::AddItem : Npc (5015562).
[06:00:009]   6) Critter::AddItem : TenInchTaint.
[06:00:009]   5) Critter::AddItem : Npc (5015562).
[06:00:009]   4) Critter::AddItem : TenInchTaint.
[06:00:009]   3) Critter::AddItem : Npc (5015562).
[06:00:009]   2) Critter::AddItem : TenInchTaint.
[06:00:009]   1) Critter::AddItem : Npc (5015562).
[06:00:009]   0) FOServer::ProcessCritter : TenInchTaint.
[06:00:009] Script::PrepareFunctionContext - Invalid script context. Info<TenInchTaint>.
[06:00:009] Script::GetGlobalContext - Script context stack overflow! Context call stack:
[06:00:009]   9) Critter::AddItem : TenInchTaint.
[06:00:009]   8) Critter::AddItem : TenInchTaint.
[06:00:009]   7) Critter::AddItem : Npc (5015562).
[06:00:009]   6) Critter::AddItem : TenInchTaint.
[06:00:009]   5) Critter::AddItem : Npc (5015562).
[06:00:009]   4) Critter::AddItem : TenInchTaint.
[06:00:009]   3) Critter::AddItem : Npc (5015562).
[06:00:009]   2) Critter::AddItem : TenInchTaint.
[06:00:009]   1) Critter::AddItem : Npc (5015562).
[06:00:009]   0) FOServer::ProcessCritter : TenInchTaint.
[06:00:009] Script::PrepareFunctionContext - Invalid script context. Info<TenInchTaint>.
[06:00:009] Script::GetGlobalContext - Script context stack overflow! Context call stack:
[06:00:009]   9) Critter::AddItem : TenInchTaint.
[06:00:009]   8) Critter::AddItem : TenInchTaint.
[06:00:010]   7) Critter::AddItem : Npc (5015562).
[06:00:010]   6) Critter::AddItem : TenInchTaint.
[06:00:010]   5) Critter::AddItem : Npc (5015562).
[06:00:010]   4) Critter::AddItem : TenInchTaint.
[06:00:010]   3) Critter::AddItem : Npc (5015562).
[06:00:010]   2) Critter::AddItem : TenInchTaint.
[06:00:010]   1) Critter::AddItem : Npc (5015562).
[06:00:010]   0) FOServer::ProcessCritter : TenInchTaint.
[06:00:010] Script::PrepareFunctionContext - Invalid script context. Info<TenInchTaint>.
[06:00:010] Script::GetGlobalContext - Script context stack overflow! Context call stack:
[06:00:010]   9) Critter::AddItem : TenInchTaint.
[06:00:010]   8) Critter::AddItem : TenInchTaint.
[06:00:010]   7) Critter::AddItem : Npc (5015562).
[06:00:010]   6) Critter::AddItem : TenInchTaint.
[06:00:010]   5) Critter::AddItem : Npc (5015562).
[06:00:010]   4) Critter::AddItem : TenInchTaint.
[06:00:010]   3) Critter::AddItem : Npc (5015562).
[06:00:010]   2) Critter::AddItem : TenInchTaint.
[06:00:010]   1) Critter::AddItem : Npc (5015562).
[06:00:010]   0) FOServer::ProcessCritter : TenInchTaint.
[06:00:010] Script::PrepareFunctionContext - Invalid script context. Info<TenInchTaint>.
[06:00:010] Script::GetGlobalContext - Script context stack overflow! Context call stack:
[06:00:010]   9) Critter::AddItem : TenInchTaint.
[06:00:010]   8) Critter::AddItem : TenInchTaint.
[06:00:010]   7) Critter::AddItem : Npc (5015562).
[06:00:010]   6) Critter::AddItem : TenInchTaint.
[06:00:010]   5) Critter::AddItem : Npc (5015562).
[06:00:010]   4) Critter::AddItem : TenInchTaint.
[06:00:010]   3) Critter::AddItem : Npc (5015562).
[06:00:010]   2) Critter::AddItem : TenInchTaint.
[06:00:010]   1) Critter::AddItem : Npc (5015562).
[06:00:010]   0) FOServer::ProcessCritter : TenInchTaint.
[06:00:010] Script::PrepareFunctionContext - Invalid script context. Info<Time event<316193>, name<q_radio_dj@e_NextRadio>>.
