[00:000] FOnline server, version 0508-EE.
[01:126] ***   Starting initialization   ****
[01:133] Script system initialization...
[01:150] Reload scripts...
[01:152] Load fonline_tla.dll
[02:478] Модуль Mk2 собран за 1,321000 секунд
[02:478] Loading OffPlayer.dll...
[02:788] Generation client craft list: 27ms.
[17:946] BuildCaller...
[23:054] BuildCaller succes
[23:646] Reload scripts complete.
[23:646] Bind reserved functions...
[23:653] Bind reserved functions complete.
[23:653] Script system initialization complete.
[23:653] Loading language packs...
[23:992] Loading language packs complete, loaded<3> packs.
[23:992] Reload client scripts...
[24:008] Load RenderHelper...
[26:200] BuildCaller...
[26:225] BuildCaller succes
[26:599] Reload client scripts complete.
[26:599] Indexing client data.
[26:604] Id<73> of user<Анклав> already used by another client. Skipped.
[26:604] Id<85> of user<Саша Белый> already used by another client. Skipped.
[26:604] Id<160> of user<XPEH> already used by another client. Skipped.
[26:606] Id<160> of user<XPEH> already used by another client. Skipped.
[26:606] Id<169> of user<Aeterna> already used by another client. Skipped.
[26:606] Id<169> of user<Aeterna> already used by another client. Skipped.
[26:606] Id<148> of user<Winergy> already used by another client. Skipped.
[26:606] Id<148> of user<Winergy> already used by another client. Skipped.
[26:607] Id<148> of user<Winergy> already used by another client. Skipped.
[26:608] Id<155> of user<Грозный> already used by another client. Skipped.
[26:608] Id<160> of user<XPEH> already used by another client. Skipped.
[26:608] Id<169> of user<Aeterna> already used by another client. Skipped.
[26:609] Id<183> of user<STARINA> already used by another client. Skipped.
[26:609] Id<185> of user<aet> already used by another client. Skipped.
[26:610] Indexing complete, clients found<160>.
[26:610] AI manager initialization...
[26:610] Find bags...
[26:642] Loaded<179> bags.
[26:642] AI manager initialization complete.
[26:642] Item manager initialization...
[26:649] Item manager initialization complete.
[26:649] Critter manager initialization...
[26:678] Critter manager initialization complete.
[26:678] Map manager initialization...
[26:684] Map manager initialization complete.
[26:684] Var manager initialization.
[26:684] Update template vars...
[27:338] Update template vars complete.
[27:338] Var manager initialization complete.
[27:398] Loaded<465> critter types.
[27:461] Loading items prototypes...
[36:335] Items prototypes successfully loaded, count<6522>.
[36:335] Loading critters prototypes...
[36:454] Loaded<640> critter protos, errors<0>.
[36:454] Load location and map prototypes...
[39:249] Load location and map prototypes complete, loaded<295> location protos.
[40:614] Generation client farm names: 12ms.
[40:776] Begin load world from dump file<save\world0389.fo>.
[40:776] Load game info...
[40:776] Load game info complete.
[40:776] Load locations...
[40:797] Load locations complete, count<80>.
[40:797] Load npc...
[41:035] Load npc complete, count<12154>.
[41:035] Load items...
[42:275] Load items complete, count<88757>.
[42:275] Load vars...
[43:000] Load vars complete, count<92212>.
[43:002] Load time events...
[43:005] Load time events complete, count<27>.
[43:015] Transfer all npc to game...
[45:153] Transfer npc complete. Errors<0>.
[45:153] Transfer all items to npc, maps and containers...
[45:372] Transfer game items complete.
[54:878] Starting server on port<16261>.
[54:878] Starting net listen thread.
[54:878] Starting net work threads, count<1>.
[54:881] Fractions: Loaded 3 fractions in 2 miliseconds.
[55:028] Main: Newbie location is Active: false
[55:031] Starting logic threads, count<1>.
[55:031] ***   Starting game loop   ***
[56:000] ItemsChecker: Продолжаем с 0
[56:000] ItemsChecker: Внимание!! На карте с айди 1 275 нпц.
[56:002] ItemsChecker: Внимание!! На карте с айди 107 2884 итемов, запущена функция очистки карты.
[56:003] ItemsChecker: Внимание!! На карте с айди 156 210 нпц.
[56:003] ItemsChecker: Внимание!! На карте с айди 168 264 нпц.
[56:004] ItemsChecker: Внимание!! На карте с айди 178 289 нпц.
[56:004] ItemsChecker: Внимание!! На карте с айди 187 234 нпц.
[56:004] ItemsChecker: Внимание!! На карте с айди 194 268 нпц.
[56:005] ItemsChecker: Внимание!! На карте с айди 240 238 нпц.
[56:005] ItemsChecker: Внимание!! На карте с айди 243 241 нпц.
[56:006] ItemsChecker: Цикл пойска переполненных итемами карт закончен, продолжим через сутки.
[56:981] ViewerIp: Login <Cracker002> : <1.0.0.127>
[58:435] ViewerIp: Login <Siker> : <52.103.40.31>
[01:27:808] ViewerIp: Login <Cracker002> : <1.0.0.127>
[01:30:083] AdminsListing: Warning! Access changed for player Cracker002 ,from 0 to 3.
[01:41:910] ViewerIp: Login <Тучка> : <57.128.78.93>
[02:18:698] ViewerIp: Login <Солнышко> : <57.128.78.93>
[02:27:507] ViewerIp: Login <нагибатель> : <50.106.229.94>
[03:02:212] ViewerIp: Login <Космос> : <88.78.118.217>
[03:53:112] ViewerIp: Login <li> : <57.128.78.93>
[04:37:724] ViewerIp: Login <bigpuff> : <165.178.96.212>
[04:43:054] ViewerIp: Login <MFDoom> : <165.178.96.212>
[05:39:547] ***   Finishing game loop  ***
[05:40:448] Main: Фракции сохранены успешно.
[05:40:449] Auction database backup successful. FileName save\database\mk21.dbsave
[05:40:539] World saved in 97,3337 ms.
[05:40:711] AI manager finish.
[05:40:711] AI manager finish success.
[05:40:711] Map manager finish...
[05:41:133] Map manager finish complete.
[05:41:133] Critter manager finish...
[05:41:237] Critter manager finish complete.
[05:41:237] Item manager finish...
[05:41:272] Item manager finish complete.
[05:41:274] Dialog manager finish...
[05:41:274] Dialog manager finish complete.
[05:41:274] Var manager finish...
[05:41:286] Var manager finish complete.
[05:41:286] Script system finish...
[05:41:521] Generation client craft list: 21ms.
[05:41:543] BuildCaller...
[05:41:547] Dialog: Не найдена функция worldmap@r_CheckOldLoc
[05:45:902] BuildCaller succes
[05:47:262] AdminsListing: Backup
[05:47:266] AdminsListing: Backup
[05:48:126] Script system finish complete.
[05:48:126] Finish lang packs...
[05:48:154] Finish lang packs complete.
[05:48:154] Server stopped.
[05:48:154] Statistics:
[05:48:154] Traffic:
[05:48:154] Bytes Send: 7440757
[05:48:154] Bytes Recv: 159283
[05:48:154] Cycles count: 72574
[05:48:154] Approx cycle period: 1
[05:48:154] Min cycle period: 0
[05:48:154] Max cycle period: 859
[05:48:154] Count of lags (>100ms): 0
