[00:000] FOnline server, version 0511-EE.
[00:971] ***   Starting initialization   ****
[00:976] Script system initialization...
[00:988] Reload scripts...
[02:155] Модуль Mk2 собран за 1,163000 секунд
[02:156] Loading OffPlayer.dll...
[02:387] Generation client craft list: 17ms.
[09:809] BuildCaller...
[13:077] BuildCaller succes
[13:595] Reload scripts complete.
[13:595] Bind reserved functions...
[13:600] Bind reserved functions complete.
[13:600] Script system initialization complete.
[13:600] Loading language packs...
[13:825] Loading language packs complete, loaded<3> packs.
[13:825] Reload client scripts...
[13:835] Load RenderHelper...
[15:213] BuildCaller...
[15:229] BuildCaller succes
[15:492] Reload client scripts complete.
[15:492] Indexing client data.
[15:498] Id<73> of user<Анклав> already used by another client. Skipped.
[15:499] Id<160> of user<XPEH> already used by another client. Skipped.
[15:501] Id<160> of user<XPEH> already used by another client. Skipped.
[15:502] Id<148> of user<Winergy> already used by another client. Skipped.
[15:503] Id<148> of user<Winergy> already used by another client. Skipped.
[15:505] Id<148> of user<Winergy> already used by another client. Skipped.
[15:505] Id<155> of user<Грозный> already used by another client. Skipped.
[15:505] Id<160> of user<XPEH> already used by another client. Skipped.
[15:507] Id<366> of user<STARINA> already used by another client. Skipped.
[15:507] Id<185> of user<aet> already used by another client. Skipped.
[15:509] Id<225> of user<Snake Vargas> already used by another client. Skipped.
[15:509] Id<225> of user<Snake Vargas> already used by another client. Skipped.
[15:510] Id<216> of user<Ashot1> already used by another client. Skipped.
[15:510] Id<225> of user<Snake Vargas> already used by another client. Skipped.
[15:510] Id<225> of user<Snake Vargas> already used by another client. Skipped.
[15:511] Id<366> of user<STARINA> already used by another client. Skipped.
[15:511] Id<367> of user<The Punisher> already used by another client. Skipped.
[15:512] Id<242> of user<Winergy1> already used by another client. Skipped.
[15:512] Id<367> of user<The Punisher> already used by another client. Skipped.
[15:512] Id<367> of user<The Punisher> already used by another client. Skipped.
[15:512] Id<367> of user<The Punisher> already used by another client. Skipped.
[15:513] Id<367> of user<The Punisher> already used by another client. Skipped.
[15:513] Id<367> of user<The Punisher> already used by another client. Skipped.
[15:513] Id<367> of user<The Punisher> already used by another client. Skipped.
[15:513] Id<367> of user<The Punisher> already used by another client. Skipped.
[15:513] Id<275> of user<Test1> already used by another client. Skipped.
[15:513] Id<275> of user<Test1> already used by another client. Skipped.
[15:514] Id<367> of user<The Punisher> already used by another client. Skipped.
[15:514] Id<275> of user<Test1> already used by another client. Skipped.
[15:514] Id<367> of user<The Punisher> already used by another client. Skipped.
[15:514] Id<280> of user<jesus> already used by another client. Skipped.
[15:514] Id<280> of user<jesus> already used by another client. Skipped.
[15:515] Id<367> of user<The Punisher> already used by another client. Skipped.
[15:516] Id<299> of user<Test2> already used by another client. Skipped.
[15:516] Id<317> of user<Test3> already used by another client. Skipped.
[15:517] Id<317> of user<Test3> already used by another client. Skipped.
[15:519] Id<367> of user<The Punisher> already used by another client. Skipped.
[15:520] Id<394> of user<FEaRNeSS> already used by another client. Skipped.
[15:520] Id<394> of user<FEaRNeSS> already used by another client. Skipped.
[15:521] Id<358> of user<Galga> already used by another client. Skipped.
[15:521] Id<366> of user<STARINA> already used by another client. Skipped.
[15:521] Id<367> of user<The Punisher> already used by another client. Skipped.
[15:523] Id<380> of user<Вислоухий> already used by another client. Skipped.
[15:523] Id<380> of user<Вислоухий> already used by another client. Skipped.
[15:524] Id<394> of user<FEaRNeSS> already used by another client. Skipped.
[15:524] Id<394> of user<FEaRNeSS> already used by another client. Skipped.
[15:525] Id<409> of user<Кишкодробильня> already used by another client. Skipped.
[15:528] Id<454> of user<Машка и Честь> already used by another client. Skipped.
[15:528] Id<454> of user<Машка и Честь> already used by another client. Skipped.
[15:528] Id<454> of user<Машка и Честь> already used by another client. Skipped.
[15:529] Indexing complete, clients found<373>.
[15:529] AI manager initialization...
[15:529] Find bags...
[15:562] Loaded<179> bags.
[15:562] AI manager initialization complete.
[15:562] Item manager initialization...
[15:565] Item manager initialization complete.
[15:565] Critter manager initialization...
[15:584] Critter manager initialization complete.
[15:584] Map manager initialization...
[15:587] Map manager initialization complete.
[15:587] Var manager initialization.
[15:587] Update template vars...
[16:107] Update template vars complete.
[16:107] Var manager initialization complete.
[16:156] Loaded<465> critter types.
[16:214] Loading items prototypes...
[23:391] Items prototypes successfully loaded, count<6522>.
[23:391] Loading critters prototypes...
[23:489] Loaded<640> critter protos, errors<0>.
[23:489] Load location and map prototypes...
[42:274] Load location and map prototypes complete, loaded<295> location protos.
[43:141] Generation client farm names: 8ms.
[43:173] 123
[43:547] Begin load world from dump file<save\world0199.fo>.
[43:570] Load game info...
[43:570] Load game info complete.
[43:570] Load locations...
[43:580] Load locations complete, count<39>.
[43:580] Load npc...
[45:469] Load npc complete, count<11723>.
[45:469] Load items...
[46:533] Load items complete, count<63908>.
[46:533] Load vars...
[46:877] Load vars complete, count<34284>.
[46:879] Load time events...
[46:880] Load time events complete, count<23>.
[46:885] Transfer all npc to game...
[49:999] Transfer npc complete. Errors<0>.
[49:999] Transfer all items to npc, maps and containers...
[50:148] Transfer game items complete.
[56:861] Starting server on port<16260>.
[56:861] Starting net listen thread.
[56:861] Starting net work threads, count<1>.
[56:869] Fractions: Loaded 10 fractions in 7 miliseconds.
[56:979] Main: Newbie location is Active: false
[56:980] Starting logic threads, count<1>.
[56:980] ***   Starting game loop   ***
[57:614] ItemsChecker: Продолжаем с 0
[57:615] ItemsChecker: Внимание!! На карте с айди 1 259 нпц.
[57:617] ItemsChecker: Внимание!! На карте с айди 156 210 нпц.
[57:617] ItemsChecker: Внимание!! На карте с айди 168 277 нпц.
[57:617] ItemsChecker: Внимание!! На карте с айди 178 281 нпц.
[57:618] ItemsChecker: Внимание!! На карте с айди 187 222 нпц.
[57:618] ItemsChecker: Внимание!! На карте с айди 194 278 нпц.
[57:619] ItemsChecker: Внимание!! На карте с айди 240 233 нпц.
[57:619] ItemsChecker: Внимание!! На карте с айди 243 240 нпц.
[57:619] ItemsChecker: Цикл пойска переполненных итемами карт закончен, продолжим через сутки.
[01:10:188] ViewerIp: Login <выапвап> : <127.0.0.1>
[01:10:191] 0465.0) Input net message<33>.
[01:10:191] 0465.1) Input net message<126>.
[01:10:191] 0465.2) Input net message<121>.
[01:10:196] 0465.3) Input net message<52>.
[01:10:238] 0465.4) Input net message<52>.
[01:10:240] 0465.5) Input net message<34>.
[01:10:490] 0465.6) Input net message<52>.
[01:10:632] 0465.7) Input net message<117>.
[01:10:632] 0465.8) Input net message<129>.
[01:10:632] 0465.9) Input net message<11>.
[01:10:632] 0465.10) Input net message<51>.
[01:10:632] 0465.11) Input net message<64>.
[01:10:632] 0465.12) Input net message<65>.
[01:10:632] 0465.13) Input net message<23>.
[01:10:632] 0465.14) Input net message<65>.
[01:10:632] 0465.15) Input net message<23>.
[01:10:632] 0465.16) Input net message<65>.
[01:10:632] 0465.17) Input net message<23>.
[01:10:632] 0465.18) Input net message<65>.
[01:10:632] 0465.19) Input net message<23>.
[01:10:632] 0465.20) Input net message<162>.
[01:10:632] 0465.21) Input net message<163>.
[01:10:632] 0465.22) Input net message<170>.
[01:10:632] 0465.23) Input net message<12>.
[01:10:632] 0465.24) Input net message<46>.
[01:10:632] 0465.25) Input net message<93>.
[01:10:632] 0465.26) Input net message<12>.
[01:10:632] 0465.27) Input net message<46>.
[01:10:632] 0465.28) Input net message<93>.
[01:10:632] 0465.29) Input net message<12>.
[01:10:632] 0465.30) Input net message<46>.
[01:10:632] 0465.31) Input net message<93>.
[01:10:632] 0465.32) Input net message<12>.
[01:10:632] 0465.33) Input net message<46>.
[01:10:632] 0465.34) Input net message<93>.
[01:10:632] 0465.35) Input net message<12>.
[01:10:633] 0465.36) Input net message<46>.
[01:10:633] 0465.37) Input net message<93>.
[01:10:633] 0465.38) Input net message<12>.
[01:10:633] 0465.39) Input net message<46>.
[01:10:633] 0465.40) Input net message<93>.
[01:10:633] 0465.41) Input net message<12>.
[01:10:633] 0465.42) Input net message<46>.
[01:10:633] 0465.43) Input net message<93>.
[01:10:633] 0465.44) Input net message<12>.
[01:10:633] 0465.45) Input net message<46>.
[01:10:633] 0465.46) Input net message<93>.
[01:10:633] 0465.47) Input net message<12>.
[01:10:633] 0465.48) Input net message<46>.
[01:10:633] 0465.49) Input net message<93>.
[01:10:633] 0465.50) Input net message<71>.
[01:10:633] 0465.51) Input net message<71>.
[01:10:633] 0465.52) Input net message<71>.
[01:10:633] 0465.53) Input net message<71>.
[01:10:633] 0465.54) Input net message<71>.
[01:10:737] 0465.55) Input net message<52>.
[01:11:001] 0465.56) Input net message<52>.
[01:11:238] 0465.57) Input net message<52>.
[01:11:338] 0465.58) Input net message<126>.
[01:11:338] 0465.59) Input net message<126>.
[01:11:488] 0465.60) Input net message<52>.
[01:11:768] 0465.61) Input net message<52>.
[01:12:003] 0465.62) Input net message<71>.
[01:12:003] 0465.63) Input net message<71>.
[01:12:003] 0465.64) Input net message<52>.
[01:12:287] 0465.65) Input net message<71>.
[01:12:287] 0465.66) Input net message<52>.
[01:12:552] 0465.67) Input net message<71>.
[01:12:552] 0465.68) Input net message<52>.
[01:12:788] 0465.69) Input net message<52>.
[01:13:037] 0465.70) Input net message<52>.
[01:13:295] 0465.71) Input net message<52>.
[01:13:553] 0465.72) Input net message<52>.
