[00:000] FOnline server, version 0508-EE.
[01:674] ***   Starting initialization   ****
[01:679] Script system initialization...
[01:692] Reload scripts...
[01:693] Load fonline_tla.dll
[02:896] Модуль Mk2 собран за 1,199000 секунд
[02:897] Loading OffPlayer.dll...
[03:154] Generation client craft list: 23ms.
[10:941] BuildCaller...
[14:505] BuildCaller succes
[14:933] Reload scripts complete.
[14:933] Bind reserved functions...
[14:937] Bind reserved functions complete.
[14:937] Script system initialization complete.
[14:937] Loading language packs...
[15:169] Loading language packs complete, loaded<3> packs.
[15:169] Reload client scripts...
[15:181] Load RenderHelper...
[16:632] BuildCaller...
[16:649] BuildCaller succes
[16:919] Reload client scripts complete.
[16:919] Indexing client data.
[16:922] Id<49> of user<Donovan> already used by another client. Skipped.
[16:924] Id<73> of user<Анклав> already used by another client. Skipped.
[16:925] Id<96> of user<Killer Queen> already used by another client. Skipped.
[16:925] Id<85> of user<Саша Белый> already used by another client. Skipped.
[16:925] Id<96> of user<Killer Queen> already used by another client. Skipped.
[16:927] Indexing complete, clients found<102>.
[16:927] AI manager initialization...
[16:927] Find bags...
[16:959] Loaded<179> bags.
[16:959] AI manager initialization complete.
[16:959] Item manager initialization...
[16:962] Item manager initialization complete.
[16:962] Critter manager initialization...
[16:979] Critter manager initialization complete.
[16:979] Map manager initialization...
[16:983] Map manager initialization complete.
[16:983] Var manager initialization.
[16:983] Update template vars...
[17:526] Update template vars complete.
[17:526] Var manager initialization complete.
[17:580] Loaded<465> critter types.
[17:639] Loading items prototypes...
[25:173] Items prototypes successfully loaded, count<6522>.
[25:174] Loading critters prototypes...
[25:270] Loaded<640> critter protos, errors<0>.
[25:270] Load location and map prototypes...
[44:879] Load location and map prototypes complete, loaded<295> location protos.
[45:773] Generation client farm names: 7ms.
[46:218] Begin load world from dump file<save\world0160.fo>.
[46:218] Load game info...
[46:218] Load game info complete.
[46:218] Load locations...
[46:237] Load locations complete, count<57>.
[46:237] Load npc...
[47:587] Load npc complete, count<11999>.
[47:587] Load items...
[49:353] Load items complete, count<67453>.
[49:353] Load vars...
[49:702] Load vars complete, count<39838>.
[49:704] Load time events...
[49:705] Load time events complete, count<23>.
[49:712] Transfer all npc to game...
[51:204] Transfer npc complete. Errors<0>.
[51:204] Transfer all items to npc, maps and containers...
[51:296] Transfer game items complete.
[56:388] Starting server on port<16261>.
[56:388] Starting net listen thread.
[56:389] Starting net work threads, count<1>.
[56:396] Fractions: Loaded 14 fractions in 7 miliseconds.
[56:497] Main: Newbie location is Active: false
[56:499] Starting logic threads, count<1>.
[56:499] ***   Starting game loop   ***
[57:103] ItemsChecker: Продолжаем с 0
[57:104] ItemsChecker: Внимание!! На карте с айди 1 276 нпц.
[57:105] ItemsChecker: Внимание!! На карте с айди 156 210 нпц.
[57:105] ItemsChecker: Внимание!! На карте с айди 168 266 нпц.
[57:105] ItemsChecker: Внимание!! На карте с айди 178 289 нпц.
[57:105] ItemsChecker: Внимание!! На карте с айди 187 234 нпц.
[57:107] ItemsChecker: Внимание!! На карте с айди 194 268 нпц.
[57:107] ItemsChecker: Внимание!! На карте с айди 240 238 нпц.
[57:107] ItemsChecker: Внимание!! На карте с айди 243 241 нпц.
[57:107] ItemsChecker: Цикл пойска переполненных итемами карт закончен, продолжим через сутки.
[03:18:468] ViewerIp: Login <zoomer> : <135.178.241.73>
[03:46:568] ViewerIp: Login <Паладин> : <213.132.3.212>
[03:58:112] ViewerIp: Login <TenInchTaint> : <135.178.241.73>
[03:58:121] Script::GetGlobalContext - Script context stack overflow! Context call stack:
[03:58:121]   9) Critter::AddItem : Npc (5015563).
[03:58:121]   8) Critter::AddItem : TenInchTaint.
[03:58:121]   7) Critter::AddItem : Npc (5015563).
[03:58:121]   6) Critter::AddItem : TenInchTaint.
[03:58:121]   5) Critter::AddItem : Npc (5015563).
[03:58:121]   4) Critter::AddItem : TenInchTaint.
[03:58:121]   3) Critter::AddItem : Npc (5015563).
[03:58:121]   2) Critter::AddItem : TenInchTaint.
[03:58:121]   1) Critter::AddItem : Npc (5015563).
[03:58:121]   0) FOServer::ProcessCritter : TenInchTaint.
[03:58:121] Script::PrepareFunctionContext - Invalid script context. Info<Npc (5015563)>.
[03:58:121] Script message:  : Error : Failed in call to function 'Execute' (Code: -4) : 0, 0.
[03:58:121] Execution of script stopped due to Active.
[03:58:121] Context<Critter::AddItem : Npc (5015563)>, state<Active>, call stack<3>:
[03:58:121]   2) Mk2 : bool CritterItemMovement::CritterMoveItem(Critter@, Item@, uint8) : 26603, 6.
[03:58:121]   1) Mk2 : bool ::EventCritterMoveItem::Raise(Critter@, Item@, uint8) : 6202, 3.
[03:58:121]   0) Mk2 : void ::critter_move_item(Critter&inout, Item&inout, uint8) : 6318, 2.
[03:58:121] Script message:  : Error : Failed in call to function 'Prepare' (Code: -2) : 0, 0.
[03:58:121] Script::PrepareFunctionContext - Prepare error, context name<Critter::AddItem : TenInchTaint>, func_id<9851>, error<-2>.
[03:58:121] Script message:  : Error : Failed in call to function 'Execute' (Code: -4) : 0, 0.
[03:58:121] Execution of script stopped due to Active.
[03:58:121] Context<Critter::AddItem : TenInchTaint>, state<Active>, call stack<3>:
[03:58:121]   2) Mk2 : bool CritterItemMovement::CritterMoveItem(Critter@, Item@, uint8) : 26603, 6.
[03:58:121]   1) Mk2 : bool ::EventCritterMoveItem::Raise(Critter@, Item@, uint8) : 6202, 3.
[03:58:121]   0) Mk2 : void ::critter_move_item(Critter&inout, Item&inout, uint8) : 6318, 2.
[03:58:121] Execution of script stopped due to Aborted.
[03:58:121] Context<Critter::AddItem : TenInchTaint>, state<Aborted>, call stack<3>:
[03:58:121]   2) Mk2 : bool CritterItemMovement::CritterMoveItem(Critter@, Item@, uint8) : 26605, 5.
[03:58:121]   1) Mk2 : bool ::EventCritterMoveItem::Raise(Critter@, Item@, uint8) : 6202, 3.
[03:58:121]   0) Mk2 : void ::critter_move_item(Critter&inout, Item&inout, uint8) : 6318, 2.
[03:58:121] Script::GetGlobalContext - Script context stack overflow! Context call stack:
[03:58:121]   9) Critter::AddItem : TenInchTaint.
[03:58:121]   8) Critter::AddItem : TenInchTaint.
[03:58:121]   7) Critter::AddItem : Npc (5015563).
[03:58:121]   6) Critter::AddItem : TenInchTaint.
[03:58:121]   5) Critter::AddItem : Npc (5015563).
[03:58:121]   4) Critter::AddItem : TenInchTaint.
[03:58:121]   3) Critter::AddItem : Npc (5015563).
[03:58:121]   2) Critter::AddItem : TenInchTaint.
[03:58:121]   1) Critter::AddItem : Npc (5015563).
[03:58:121]   0) FOServer::ProcessCritter : TenInchTaint.
[03:58:121] Script::PrepareFunctionContext - Invalid script context. Info<TenInchTaint>.
[03:58:121] Script message:  : Error : Failed in call to function 'Execute' (Code: -4) : 0, 0.
[03:58:121] Script::RunPreparedUnsafe - Context<Critter::AddItem : Npc (5015563)> execute error<-4>, state<Finished>.
[03:58:121] Script::GetGlobalContext - Script context stack overflow! Context call stack:
[03:58:121]   9) Critter::AddItem : TenInchTaint.
[03:58:121]   8) Critter::AddItem : TenInchTaint.
[03:58:121]   7) Critter::AddItem : Npc (5015563).
[03:58:121]   6) Critter::AddItem : TenInchTaint.
[03:58:121]   5) Critter::AddItem : Npc (5015563).
[03:58:121]   4) Critter::AddItem : TenInchTaint.
[03:58:121]   3) Critter::AddItem : Npc (5015563).
[03:58:121]   2) Critter::AddItem : TenInchTaint.
[03:58:121]   1) Critter::AddItem : Npc (5015563).
[03:58:121]   0) FOServer::ProcessCritter : TenInchTaint.
[03:58:121] Script::PrepareFunctionContext - Invalid script context. Info<Npc (5015563)>.
[03:58:121] Script message:  : Error : Failed in call to function 'Execute' (Code: -4) : 0, 0.
[03:58:121] Script::RunPreparedUnsafe - Context<Critter::AddItem : Npc (5015563)> execute error<-4>, state<Finished>.
[03:58:121] Script::GetGlobalContext - Script context stack overflow! Context call stack:
[03:58:121]   9) Critter::AddItem : TenInchTaint.
[03:58:121]   8) Critter::AddItem : TenInchTaint.
[03:58:121]   7) Critter::AddItem : Npc (5015563).
[03:58:121]   6) Critter::AddItem : TenInchTaint.
[03:58:121]   5) Critter::AddItem : Npc (5015563).
[03:58:121]   4) Critter::AddItem : TenInchTaint.
[03:58:121]   3) Critter::AddItem : Npc (5015563).
[03:58:121]   2) Critter::AddItem : TenInchTaint.
[03:58:121]   1) Critter::AddItem : Npc (5015563).
[03:58:121]   0) FOServer::ProcessCritter : TenInchTaint.
[03:58:121] Script::PrepareFunctionContext - Invalid script context. Info<TenInchTaint>.
[03:58:121] Script message:  : Error : Failed in call to function 'Execute' (Code: -4) : 0, 0.
[03:58:121] Script::RunPreparedUnsafe - Context<Critter::AddItem : Npc (5015563)> execute error<-4>, state<Finished>.
[03:58:121] Script::GetGlobalContext - Script context stack overflow! Context call stack:
[03:58:121]   9) Critter::AddItem : TenInchTaint.
[03:58:121]   8) Critter::AddItem : TenInchTaint.
[03:58:121]   7) Critter::AddItem : Npc (5015563).
[03:58:121]   6) Critter::AddItem : TenInchTaint.
[03:58:121]   5) Critter::AddItem : Npc (5015563).
[03:58:121]   4) Critter::AddItem : TenInchTaint.
[03:58:121]   3) Critter::AddItem : Npc (5015563).
[03:58:121]   2) Critter::AddItem : TenInchTaint.
[03:58:121]   1) Critter::AddItem : Npc (5015563).
[03:58:121]   0) FOServer::ProcessCritter : TenInchTaint.
[03:58:121] Script::PrepareFunctionContext - Invalid script context. Info<Npc (5015563)>.
[03:58:121] Script message:  : Error : Failed in call to function 'Execute' (Code: -4) : 0, 0.
[03:58:121] Script::RunPreparedUnsafe - Context<Critter::AddItem : Npc (5015563)> execute error<-4>, state<Finished>.
[03:58:121] Script::GetGlobalContext - Script context stack overflow! Context call stack:
[03:58:121]   9) Critter::AddItem : TenInchTaint.
[03:58:121]   8) Critter::AddItem : TenInchTaint.
[03:58:121]   7) Critter::AddItem : Npc (5015563).
[03:58:121]   6) Critter::AddItem : TenInchTaint.
[03:58:121]   5) Critter::AddItem : Npc (5015563).
[03:58:121]   4) Critter::AddItem : TenInchTaint.
[03:58:121]   3) Critter::AddItem : Npc (5015563).
[03:58:121]   2) Critter::AddItem : TenInchTaint.
[03:58:121]   1) Critter::AddItem : Npc (5015563).
[03:58:121]   0) FOServer::ProcessCritter : TenInchTaint.
[03:58:121] Script::PrepareFunctionContext - Invalid script context. Info<TenInchTaint>.
[03:58:121] Script message:  : Error : Failed in call to function 'Execute' (Code: -4) : 0, 0.
[03:58:121] Script::RunPreparedUnsafe - Context<Critter::AddItem : Npc (5015563)> execute error<-4>, state<Finished>.
[03:58:121] Script::GetGlobalContext - Script context stack overflow! Context call stack:
[03:58:121]   9) Critter::AddItem : TenInchTaint.
[03:58:121]   8) Critter::AddItem : TenInchTaint.
[03:58:121]   7) Critter::AddItem : Npc (5015563).
[03:58:121]   6) Critter::AddItem : TenInchTaint.
[03:58:121]   5) Critter::AddItem : Npc (5015563).
[03:58:121]   4) Critter::AddItem : TenInchTaint.
[03:58:121]   3) Critter::AddItem : Npc (5015563).
[03:58:121]   2) Critter::AddItem : TenInchTaint.
[03:58:121]   1) Critter::AddItem : Npc (5015563).
[03:58:121]   0) FOServer::ProcessCritter : TenInchTaint.
[03:58:121] Script::PrepareFunctionContext - Invalid script context. Info<ScriptDllCall>.
[03:58:121] Script::GetGlobalContext - Script context stack overflow! Context call stack:
[03:58:121]   9) Critter::AddItem : TenInchTaint.
[03:58:121]   8) Critter::AddItem : TenInchTaint.
[03:58:121]   7) Critter::AddItem : Npc (5015563).
[03:58:121]   6) Critter::AddItem : TenInchTaint.
[03:58:121]   5) Critter::AddItem : Npc (5015563).
[03:58:121]   4) Critter::AddItem : TenInchTaint.
[03:58:121]   3) Critter::AddItem : Npc (5015563).
[03:58:121]   2) Critter::AddItem : TenInchTaint.
[03:58:121]   1) Critter::AddItem : Npc (5015563).
[03:58:121]   0) FOServer::ProcessCritter : TenInchTaint.
[03:58:121] Script::PrepareFunctionContext - Invalid script context. Info<ScriptDllCall>.
[03:58:121] Script::GetGlobalContext - Script context stack overflow! Context call stack:
[03:58:121]   9) Critter::AddItem : TenInchTaint.
[03:58:121]   8) Critter::AddItem : TenInchTaint.
[03:58:121]   7) Critter::AddItem : Npc (5015563).
[03:58:121]   6) Critter::AddItem : TenInchTaint.
[03:58:121]   5) Critter::AddItem : Npc (5015563).
[03:58:121]   4) Critter::AddItem : TenInchTaint.
[03:58:121]   3) Critter::AddItem : Npc (5015563).
[03:58:121]   2) Critter::AddItem : TenInchTaint.
[03:58:121]   1) Critter::AddItem : Npc (5015563).
[03:58:121]   0) FOServer::ProcessCritter : TenInchTaint.
[03:58:121] Script::PrepareFunctionContext - Invalid script context. Info<TenInchTaint>.
[03:58:121] Script::GetGlobalContext - Script context stack overflow! Context call stack:
[03:58:121]   9) Critter::AddItem : TenInchTaint.
[03:58:121]   8) Critter::AddItem : TenInchTaint.
[03:58:121]   7) Critter::AddItem : Npc (5015563).
[03:58:121]   6) Critter::AddItem : TenInchTaint.
[03:58:121]   5) Critter::AddItem : Npc (5015563).
[03:58:121]   4) Critter::AddItem : TenInchTaint.
[03:58:121]   3) Critter::AddItem : Npc (5015563).
[03:58:121]   2) Critter::AddItem : TenInchTaint.
[03:58:121]   1) Critter::AddItem : Npc (5015563).
[03:58:121]   0) FOServer::ProcessCritter : TenInchTaint.
[03:58:121] Script::PrepareFunctionContext - Invalid script context. Info<TenInchTaint>.
[03:58:121] Script::GetGlobalContext - Script context stack overflow! Context call stack:
[03:58:121]   9) Critter::AddItem : TenInchTaint.
[03:58:121]   8) Critter::AddItem : TenInchTaint.
[03:58:121]   7) Critter::AddItem : Npc (5015563).
[03:58:121]   6) Critter::AddItem : TenInchTaint.
[03:58:121]   5) Critter::AddItem : Npc (5015563).
[03:58:121]   4) Critter::AddItem : TenInchTaint.
[03:58:121]   3) Critter::AddItem : Npc (5015563).
[03:58:121]   2) Critter::AddItem : TenInchTaint.
[03:58:121]   1) Critter::AddItem : Npc (5015563).
[03:58:121]   0) FOServer::ProcessCritter : TenInchTaint.
[03:58:121] Script::PrepareFunctionContext - Invalid script context. Info<ScriptDllCall>.
[03:58:121] Script::GetGlobalContext - Script context stack overflow! Context call stack:
[03:58:121]   9) Critter::AddItem : TenInchTaint.
[03:58:121]   8) Critter::AddItem : TenInchTaint.
[03:58:121]   7) Critter::AddItem : Npc (5015563).
[03:58:121]   6) Critter::AddItem : TenInchTaint.
[03:58:121]   5) Critter::AddItem : Npc (5015563).
[03:58:121]   4) Critter::AddItem : TenInchTaint.
[03:58:121]   3) Critter::AddItem : Npc (5015563).
[03:58:121]   2) Critter::AddItem : TenInchTaint.
[03:58:121]   1) Critter::AddItem : Npc (5015563).
[03:58:121]   0) FOServer::ProcessCritter : TenInchTaint.
[03:58:121] Script::PrepareFunctionContext - Invalid script context. Info<ScriptDllCall>.
[03:58:121] Script::GetGlobalContext - Script context stack overflow! Context call stack:
[03:58:121]   9) Critter::AddItem : TenInchTaint.
[03:58:121]   8) Critter::AddItem : TenInchTaint.
[03:58:121]   7) Critter::AddItem : Npc (5015563).
[03:58:121]   6) Critter::AddItem : TenInchTaint.
[03:58:121]   5) Critter::AddItem : Npc (5015563).
[03:58:121]   4) Critter::AddItem : TenInchTaint.
[03:58:121]   3) Critter::AddItem : Npc (5015563).
[03:58:121]   2) Critter::AddItem : TenInchTaint.
[03:58:121]   1) Critter::AddItem : Npc (5015563).
[03:58:121]   0) FOServer::ProcessCritter : TenInchTaint.
[03:58:121] Script::PrepareFunctionContext - Invalid script context. Info<ScriptDllCall>.
[03:58:121] Script::GetGlobalContext - Script context stack overflow! Context call stack:
[03:58:121]   9) Critter::AddItem : TenInchTaint.
[03:58:121]   8) Critter::AddItem : TenInchTaint.
[03:58:121]   7) Critter::AddItem : Npc (5015563).
[03:58:121]   6) Critter::AddItem : TenInchTaint.
[03:58:121]   5) Critter::AddItem : Npc (5015563).
[03:58:121]   4) Critter::AddItem : TenInchTaint.
[03:58:121]   3) Critter::AddItem : Npc (5015563).
[03:58:121]   2) Critter::AddItem : TenInchTaint.
[03:58:121]   1) Critter::AddItem : Npc (5015563).
[03:58:121]   0) FOServer::ProcessCritter : TenInchTaint.
[03:58:121] Script::PrepareFunctionContext - Invalid script context. Info<ScriptDllCall>.
[03:58:121] Script::GetGlobalContext - Script context stack overflow! Context call stack:
[03:58:121]   9) Critter::AddItem : TenInchTaint.
[03:58:121]   8) Critter::AddItem : TenInchTaint.
[03:58:121]   7) Critter::AddItem : Npc (5015563).
[03:58:121]   6) Critter::AddItem : TenInchTaint.
[03:58:121]   5) Critter::AddItem : Npc (5015563).
[03:58:121]   4) Critter::AddItem : TenInchTaint.
[03:58:121]   3) Critter::AddItem : Npc (5015563).
[03:58:121]   2) Critter::AddItem : TenInchTaint.
[03:58:121]   1) Critter::AddItem : Npc (5015563).
[03:58:121]   0) FOServer::ProcessCritter : TenInchTaint.
[03:58:121] Script::PrepareFunctionContext - Invalid script context. Info<ScriptDllCall>.
[03:58:121] Script::GetGlobalContext - Script context stack overflow! Context call stack:
[03:58:121]   9) Critter::AddItem : TenInchTaint.
[03:58:121]   8) Critter::AddItem : TenInchTaint.
[03:58:121]   7) Critter::AddItem : Npc (5015563).
[03:58:121]   6) Critter::AddItem : TenInchTaint.
[03:58:121]   5) Critter::AddItem : Npc (5015563).
[03:58:121]   4) Critter::AddItem : TenInchTaint.
[03:58:121]   3) Critter::AddItem : Npc (5015563).
[03:58:121]   2) Critter::AddItem : TenInchTaint.
[03:58:121]   1) Critter::AddItem : Npc (5015563).
[03:58:121]   0) FOServer::ProcessCritter : TenInchTaint.
[03:58:121] Script::PrepareFunctionContext - Invalid script context. Info<ScriptDllCall>.
[03:58:121] Script::GetGlobalContext - Script context stack overflow! Context call stack:
[03:58:121]   9) Critter::AddItem : TenInchTaint.
[03:58:121]   8) Critter::AddItem : TenInchTaint.
[03:58:121]   7) Critter::AddItem : Npc (5015563).
[03:58:121]   6) Critter::AddItem : TenInchTaint.
[03:58:121]   5) Critter::AddItem : Npc (5015563).
[03:58:121]   4) Critter::AddItem : TenInchTaint.
[03:58:121]   3) Critter::AddItem : Npc (5015563).
[03:58:121]   2) Critter::AddItem : TenInchTaint.
[03:58:121]   1) Critter::AddItem : Npc (5015563).
[03:58:121]   0) FOServer::ProcessCritter : TenInchTaint.
[03:58:121] Script::PrepareFunctionContext - Invalid script context. Info<ScriptDllCall>.
[03:58:121] Script::GetGlobalContext - Script context stack overflow! Context call stack:
[03:58:121]   9) Critter::AddItem : TenInchTaint.
[03:58:121]   8) Critter::AddItem : TenInchTaint.
[03:58:121]   7) Critter::AddItem : Npc (5015563).
[03:58:121]   6) Critter::AddItem : TenInchTaint.
[03:58:121]   5) Critter::AddItem : Npc (5015563).
[03:58:121]   4) Critter::AddItem : TenInchTaint.
[03:58:121]   3) Critter::AddItem : Npc (5015563).
[03:58:121]   2) Critter::AddItem : TenInchTaint.
[03:58:121]   1) Critter::AddItem : Npc (5015563).
[03:58:121]   0) FOServer::ProcessCritter : TenInchTaint.
[03:58:121] Script::PrepareFunctionContext - Invalid script context. Info<TenInchTaint>.
[03:58:121] Script::GetGlobalContext - Script context stack overflow! Context call stack:
[03:58:121]   9) Critter::AddItem : TenInchTaint.
[03:58:121]   8) Critter::AddItem : TenInchTaint.
[03:58:121]   7) Critter::AddItem : Npc (5015563).
[03:58:121]   6) Critter::AddItem : TenInchTaint.
[03:58:121]   5) Critter::AddItem : Npc (5015563).
[03:58:121]   4) Critter::AddItem : TenInchTaint.
[03:58:121]   3) Critter::AddItem : Npc (5015563).
[03:58:121]   2) Critter::AddItem : TenInchTaint.
[03:58:121]   1) Critter::AddItem : Npc (5015563).
[03:58:121]   0) FOServer::ProcessCritter : TenInchTaint.
[03:58:121] Script::PrepareFunctionContext - Invalid script context. Info<TenInchTaint>.
[03:58:121] Script::GetGlobalContext - Script context stack overflow! Context call stack:
[03:58:121]   9) Critter::AddItem : TenInchTaint.
[03:58:121]   8) Critter::AddItem : TenInchTaint.
[03:58:121]   7) Critter::AddItem : Npc (5015563).
[03:58:121]   6) Critter::AddItem : TenInchTaint.
[03:58:121]   5) Critter::AddItem : Npc (5015563).
[03:58:121]   4) Critter::AddItem : TenInchTaint.
[03:58:121]   3) Critter::AddItem : Npc (5015563).
[03:58:121]   2) Critter::AddItem : TenInchTaint.
[03:58:121]   1) Critter::AddItem : Npc (5015563).
[03:58:121]   0) FOServer::ProcessCritter : TenInchTaint.
[03:58:121] Script::PrepareFunctionContext - Invalid script context. Info<TenInchTaint>.
[03:58:121] Script::GetGlobalContext - Script context stack overflow! Context call stack:
[03:58:121]   9) Critter::AddItem : TenInchTaint.
[03:58:121]   8) Critter::AddItem : TenInchTaint.
[03:58:121]   7) Critter::AddItem : Npc (5015563).
[03:58:121]   6) Critter::AddItem : TenInchTaint.
[03:58:121]   5) Critter::AddItem : Npc (5015563).
[03:58:121]   4) Critter::AddItem : TenInchTaint.
[03:58:121]   3) Critter::AddItem : Npc (5015563).
[03:58:121]   2) Critter::AddItem : TenInchTaint.
[03:58:121]   1) Critter::AddItem : Npc (5015563).
[03:58:121]   0) FOServer::ProcessCritter : TenInchTaint.
[03:58:121] Script::PrepareFunctionContext - Invalid script context. Info<TenInchTaint>.
[03:58:123] Script::GetGlobalContext - Script context stack overflow! Context call stack:
[03:58:123]   9) Critter::AddItem : TenInchTaint.
[03:58:123]   8) Critter::AddItem : TenInchTaint.
[03:58:123]   7) Critter::AddItem : Npc (5015563).
[03:58:123]   6) Critter::AddItem : TenInchTaint.
[03:58:123]   5) Critter::AddItem : Npc (5015563).
[03:58:123]   4) Critter::AddItem : TenInchTaint.
[03:58:123]   3) Critter::AddItem : Npc (5015563).
[03:58:123]   2) Critter::AddItem : TenInchTaint.
[03:58:123]   1) Critter::AddItem : Npc (5015563).
[03:58:123]   0) FOServer::ProcessCritter : TenInchTaint.
[03:58:123] Script::PrepareFunctionContext - Invalid script context. Info<Game>.
