[00:000] FOnline server, version 0511-EE.
[01:000] ***   Starting initialization   ****
[01:007] Script system initialization...
[01:025] Reload scripts...
[02:184] Модуль Mk2 собран за 1,156000 секунд
[02:184] Loading OffPlayer.dll...
[02:777] Generation client craft list: 15ms.
[10:152] BuildCaller...
[13:430] BuildCaller succes
[13:819] Reload scripts complete.
[13:819] Bind reserved functions...
[13:823] Bind reserved functions complete.
[13:823] Script system initialization complete.
[13:823] Loading language packs...
[14:036] Loading language packs complete, loaded<3> packs.
[14:036] Reload client scripts...
[14:047] Load RenderHelper...
[15:468] BuildCaller...
[15:489] BuildCaller succes
[15:754] Reload client scripts complete.
[15:754] Indexing client data.
[15:759] Id<73> of user<Анклав> already used by another client. Skipped.
[15:759] Id<160> of user<XPEH> already used by another client. Skipped.
[15:761] Id<160> of user<XPEH> already used by another client. Skipped.
[15:762] Id<148> of user<Winergy> already used by another client. Skipped.
[15:762] Id<148> of user<Winergy> already used by another client. Skipped.
[15:763] Id<148> of user<Winergy> already used by another client. Skipped.
[15:763] Id<155> of user<Грозный> already used by another client. Skipped.
[15:764] Id<160> of user<XPEH> already used by another client. Skipped.
[15:766] Id<366> of user<STARINA> already used by another client. Skipped.
[15:766] Id<185> of user<aet> already used by another client. Skipped.
[15:768] Id<225> of user<Snake Vargas> already used by another client. Skipped.
[15:768] Id<225> of user<Snake Vargas> already used by another client. Skipped.
[15:768] Id<216> of user<Ashot1> already used by another client. Skipped.
[15:769] Id<225> of user<Snake Vargas> already used by another client. Skipped.
[15:769] Id<225> of user<Snake Vargas> already used by another client. Skipped.
[15:770] Id<366> of user<STARINA> already used by another client. Skipped.
[15:770] Id<367> of user<The Punisher> already used by another client. Skipped.
[15:771] Id<242> of user<Winergy1> already used by another client. Skipped.
[15:771] Id<367> of user<The Punisher> already used by another client. Skipped.
[15:771] Id<367> of user<The Punisher> already used by another client. Skipped.
[15:771] Id<367> of user<The Punisher> already used by another client. Skipped.
[15:772] Id<367> of user<The Punisher> already used by another client. Skipped.
[15:772] Id<367> of user<The Punisher> already used by another client. Skipped.
[15:772] Id<367> of user<The Punisher> already used by another client. Skipped.
[15:772] Id<367> of user<The Punisher> already used by another client. Skipped.
[15:773] Id<275> of user<Test1> already used by another client. Skipped.
[15:773] Id<275> of user<Test1> already used by another client. Skipped.
[15:773] Id<367> of user<The Punisher> already used by another client. Skipped.
[15:773] Id<275> of user<Test1> already used by another client. Skipped.
[15:773] Id<367> of user<The Punisher> already used by another client. Skipped.
[15:773] Id<280> of user<jesus> already used by another client. Skipped.
[15:773] Id<280> of user<jesus> already used by another client. Skipped.
[15:775] Id<367> of user<The Punisher> already used by another client. Skipped.
[15:775] Id<299> of user<Test2> already used by another client. Skipped.
[15:775] Id<317> of user<Test3> already used by another client. Skipped.
[15:776] Id<317> of user<Test3> already used by another client. Skipped.
[15:777] Id<367> of user<The Punisher> already used by another client. Skipped.
[15:778] Id<394> of user<FEaRNeSS> already used by another client. Skipped.
[15:778] Id<394> of user<FEaRNeSS> already used by another client. Skipped.
[15:779] Id<358> of user<Galga> already used by another client. Skipped.
[15:780] Id<366> of user<STARINA> already used by another client. Skipped.
[15:780] Id<367> of user<The Punisher> already used by another client. Skipped.
[15:780] Id<380> of user<Вислоухий> already used by another client. Skipped.
[15:780] Id<380> of user<Вислоухий> already used by another client. Skipped.
[15:781] Id<394> of user<FEaRNeSS> already used by another client. Skipped.
[15:781] Id<394> of user<FEaRNeSS> already used by another client. Skipped.
[15:782] Id<409> of user<Кишкодробильня> already used by another client. Skipped.
[15:786] Id<454> of user<Машка и Честь> already used by another client. Skipped.
[15:786] Id<454> of user<Машка и Честь> already used by another client. Skipped.
[15:786] Id<454> of user<Машка и Честь> already used by another client. Skipped.
[15:787] Indexing complete, clients found<373>.
[15:787] AI manager initialization...
[15:787] Find bags...
[15:817] Loaded<179> bags.
[15:817] AI manager initialization complete.
[15:817] Item manager initialization...
[15:822] Item manager initialization complete.
[15:822] Critter manager initialization...
[15:842] Critter manager initialization complete.
[15:842] Map manager initialization...
[15:845] Map manager initialization complete.
[15:845] Var manager initialization.
[15:845] Update template vars...
[16:368] Update template vars complete.
[16:368] Var manager initialization complete.
[16:415] Loaded<465> critter types.
[16:471] Loading items prototypes...
[24:019] Items prototypes successfully loaded, count<6522>.
[24:019] Loading critters prototypes...
[24:115] Loaded<640> critter protos, errors<0>.
[24:115] Load location and map prototypes...
[35:308] Load location and map prototypes complete, loaded<295> location protos.
[36:277] Generation client farm names: 8ms.
[36:314] 123
[36:775] Begin load world from dump file<save\world0199.fo>.
[36:792] Load game info...
[36:792] Load game info complete.
[36:792] Load locations...
[36:802] Load locations complete, count<39>.
[36:802] Load npc...
[38:549] Load npc complete, count<11723>.
[38:549] Load items...
[39:541] Load items complete, count<63908>.
[39:541] Load vars...
[39:835] Load vars complete, count<34284>.
[39:836] Load time events...
[39:837] Load time events complete, count<23>.
[39:844] Transfer all npc to game...
[42:829] Transfer npc complete. Errors<0>.
[42:829] Transfer all items to npc, maps and containers...
[42:952] Transfer game items complete.
[49:581] Starting server on port<16260>.
[49:581] Starting net listen thread.
[49:581] Starting net work threads, count<1>.
[49:586] Fractions: Loaded 10 fractions in 5 miliseconds.
[49:681] Main: Newbie location is Active: false
[49:682] Starting logic threads, count<1>.
[49:682] ***   Starting game loop   ***
[50:315] ItemsChecker: Продолжаем с 0
[50:315] ItemsChecker: Внимание!! На карте с айди 1 259 нпц.
[50:316] ItemsChecker: Внимание!! На карте с айди 156 210 нпц.
[50:316] ItemsChecker: Внимание!! На карте с айди 168 277 нпц.
[50:317] ItemsChecker: Внимание!! На карте с айди 178 281 нпц.
[50:317] ItemsChecker: Внимание!! На карте с айди 187 222 нпц.
[50:317] ItemsChecker: Внимание!! На карте с айди 194 278 нпц.
[50:317] ItemsChecker: Внимание!! На карте с айди 240 233 нпц.
[50:317] ItemsChecker: Внимание!! На карте с айди 243 240 нпц.
[50:318] ItemsChecker: Цикл пойска переполненных итемами карт закончен, продолжим через сутки.
[01:35:146] ViewerIp: Login <выапвап> : <127.0.0.1>
[01:35:150] 0465.0) Input net message<33>.
[01:35:150] 0465.1) Input net message<126>.
[01:35:151] 0465.2) Input net message<2>.
[01:35:151] 0465.3) Input net message<121>.
[01:35:198] 0465.4) Input net message<34>.
[01:35:756] 0465.5) Input net message<117>.
[01:35:756] 0465.6) Input net message<129>.
[01:35:756] 0465.7) Input net message<11>.
[01:35:756] 0465.8) Input net message<51>.
[01:35:756] 0465.9) Input net message<64>.
[01:35:756] 0465.10) Input net message<65>.
[01:35:756] 0465.11) Input net message<23>.
[01:35:756] 0465.12) Input net message<65>.
[01:35:756] 0465.13) Input net message<23>.
[01:35:756] 0465.14) Input net message<65>.
[01:35:756] 0465.15) Input net message<23>.
[01:35:756] 0465.16) Input net message<65>.
[01:35:756] 0465.17) Input net message<23>.
[01:35:756] 0465.18) Input net message<162>.
[01:35:756] 0465.19) Input net message<163>.
[01:35:756] 0465.20) Input net message<170>.
[01:35:756] 0465.21) Input net message<12>.
[01:35:756] 0465.22) Input net message<46>.
[01:35:756] 0465.23) Input net message<93>.
[01:35:756] 0465.24) Input net message<12>.
[01:35:756] 0465.25) Input net message<46>.
[01:35:756] 0465.26) Input net message<93>.
[01:35:757] 0465.27) Input net message<12>.
[01:35:757] 0465.28) Input net message<46>.
[01:35:757] 0465.29) Input net message<93>.
[01:35:757] 0465.30) Input net message<12>.
[01:35:757] 0465.31) Input net message<46>.
[01:35:757] 0465.32) Input net message<93>.
[01:35:757] 0465.33) Input net message<12>.
[01:35:757] 0465.34) Input net message<46>.
[01:35:757] 0465.35) Input net message<93>.
[01:35:757] 0465.36) Input net message<12>.
[01:35:757] 0465.37) Input net message<46>.
[01:35:757] 0465.38) Input net message<93>.
[01:35:757] 0465.39) Input net message<12>.
[01:35:757] 0465.40) Input net message<46>.
[01:35:757] 0465.41) Input net message<93>.
[01:35:757] 0465.42) Input net message<12>.
[01:35:757] 0465.43) Input net message<46>.
[01:35:757] 0465.44) Input net message<93>.
[01:35:757] 0465.45) Input net message<12>.
[01:35:758] 0465.46) Input net message<46>.
[01:35:758] 0465.47) Input net message<93>.
[01:35:758] 0465.48) Input net message<71>.
[01:35:758] 0465.49) Input net message<71>.
[01:35:758] 0465.50) Input net message<71>.
[01:35:758] 0465.51) Input net message<71>.
[01:35:758] 0465.52) Input net message<71>.
[01:35:758] 0465.53) Input net message<71>.
[01:35:758] 0465.54) Input net message<71>.
[01:35:758] 0465.55) Input net message<71>.
[01:35:758] 0465.56) Input net message<71>.
[01:36:506] 0465.57) Input net message<126>.
[01:36:506] 0465.58) Input net message<126>.
