Starting Mapper (v.1.30.1)...
Mapper initialization...
Sprite manager initialization...
Sprite manager initialization complete.
Init interface.
Init interface complete.
Script system initialization...
Reload scripts...
Модуль Mk2 собран за 0,989000 секунд
Script message: mapper_main : Info : Compiling bool key_down(uint8) : 1227, 1.
Script message: mapper_main : Warning : The operand is implicitly converted to handle in order to compare them : 1231, 50.
Script message: Mk2 : Info : Compiling bool item_check_stackable(MapperObject&inout, MapperObject@, uint) : 4469, 1.
Script message: Mk2 : Error : 'AmmoCount' is not a member of 'MapperObject' : 4473, 13.
Script::LoadScript - Unable to Build module<Mk2>, result<-1>.
Load module fail, name<Mk2>.
Import error: no found import function.<Mk2>@<void InitializeGame()>.
Script::BindImportedFunctions - Fail to bind imported functions, module<mapper_main>, error<-19>.
Reload scripts fail.
Bind reserved functions...
Bind reserved functions complete.
Script system initialization complete.
Loaded<465> critter types.
Item manager initialization...
Item manager initialization complete.
Loading items prototypes...
Items prototypes successfully loaded, count<6522>.
Critter manager initialization...
Critter manager initialization complete.
Loading critters prototypes...
Loaded<640> critter protos, errors<0>.
Hex field initialization...
Hex field initialization complete.
Script::Bind - Function<bool start()> in module<Mk2> not found.
Script::Bind - Info copy: <(null)> <bool start()> .
Mapper initialization complete.
SDL windows success
Mapper finish...
Resource manager finish...
Resource manager finish complete.
Hex field finish...
Hex field finish complete.
Sprite manager finish...
Sprite manager finish complete.
Critter manager finish...
Critter manager finish complete.
Mapper finish complete.
FOnline finished.
