**************************************************************************************
***  DIALOGS  *********  COUNT: 00000000  ********************************************
**************************************************************************************
$	10	all_default
$	11	all_hiding_place
$	12	all_autodock
$	20	all_alco
$	21	all_alco_w
$	22	all_merchant
$	25	all_narcoman
$	26	all_narcoman_w
$	27	all_turret
$	30	all_prostitute
$	35	all_poor_man
$	36	all_poor_man_w
$	40	all_child
$	41	all_child_w
$	42	all_slave
$	43	all_slaver
$	44	all_trapper
$	45	all_narcodialer
$	50	all_bootlegger
$	55	all_robber
$	56	all_bandit
$	57	all_cannibal
$	60	all_guard
$	61	all_guard_w
$	62	all_homesteader
$	63	all_raider
$	64	all_enclave_patrol
$	65	all_casino_player
$	66	all_casino_player_w
$	67	all_mercenary
$	68	all_elronologist
$	69	all_press_gang
$	70	base_terminal
$	80	all_unity
$	81	all_mafia
$	82	all_traveller
$	83	all_ranger
$	84	all_marauder
$	85	all_bounty_hunter
$	86	all_outcast
$	87	all_holy_people
$	88	all_nomad
$	89	all_hunter
$	90	all_poker
$	95	all_roulette
$	96	all_energy_barier_terminal
$	97	all_energy_barier_guards
$	99	eli
$	100	den_leanna
$	101	den_kliff
$	102	den_monk
$	103	den_virginia
$	104	den_barbekky_boy
$	105	den_bar_visiter
$	106	den_bar_visiter_w
$	107	den_mom
$	108	den_smitty
$	109	den_crazy_man
$	110	den_ghost
$	111	den_mr_handy
$	112	den_lara
$	113	den_fred
$	114	den_flik
$	115	den_bekky
$	116	den_radriges
$	117	den_croupier
$	118	den_laraband_member
$	119	den_james
$	120	den_billy
$	121	den_joey
$	122	den_thug
$	123	den_joshua
$	124	den_hub_bank1
$	125	den_hub_guard
$	127	den_ghost_treasure
$	128	den_cooldude
$	150	den_cs_bandit
$	151	den_cs_barmen
$	152	den_cs_jeffry
$	153	den_cs_bar_boy
$	154	den_cs_bar_girl
$	155	den_cs_brahmin
$	156	den_cs_breeder
$	157	den_cs_boss_daughter
$	173	den_ananius
$	174	den_narco
$	175	den_bar_thief
$	176	den_narc_comm_narcoman
$	177	den_narc_comm_leader
$	178	den_narc_comm_daughter
$	181	den_guard_cigr
$	182	den_guard_gift
$	183	den_guard_stpist
$	188	den_bootlegger
$	189	den_spectator
$	190	den_bishop_guard
$	191	den_bishop_bodyguard
$	192	den_bishop_bill
$	193	den_racing_mechanic
$	194	den_racing_guard
$	196	den_gate_guard
$	197	den_brotherhood_guard_female
$	198	den_brotherhood_guard
$	199	den_brotherhood_captain
$	200	klam_child
$	201	klam_trapper
$	202	klam_civilian
$	203	klam_aldo
$	204	klam_dog
$	205	klam_bakner_visiter
$	206	klam_golden_visiter
$	207	klam_sajag
$	208	klam_ardin
$	209	klam_majda
$	210	klam_bob
$	211	klam_smily
$	212	klam_torr
$	213	klam_vic
$	214	klam_slim
$	215	klam_danton
$	216	klam_jenny
$	217	klam_sally
$	218	klam_prostitute_1
$	219	klam_prostitute_2
$	220	klam_prostitute_3
$	221	klam_sulivan
$	222	klam_smily_warn
$	229	klam_emma
$	230	klam_mike
$	231	klam_bryan
$	232	klam_edwin
$	233	klam_jura
$	234	klam_hish
$	235	klam_brahmin_hish1
$	236	klam_brahmin_hish2
$	237	klam_brahmin_hish3
$	238	klam_will
$	239	klam_emma_post_quest
$	240	klam_mike_post_quest
$	241	klam_bryan_post_quest
$	242 klam_bugen
$   243 klam_bboard
$	300	mod_hose
$	301	mod_joe
$	302	mod_citizen
$	303	mod_baltas
$	304	mod_leddi
$	305	mod_jonny
$	306	mod_baltas_wife
$	307	mod_grishem
$	308	mod_davin
$	309	mod_miria
$	310	mod_farrel
$	311	mod_rose
$	312	mod_cornelius
$	313	mod_trader
$	314	mod_bess
$	315	mod_butcher
$	316	mod_boy
$	317	mod_girl
$	318	mod_karl
$	319	mod_brahmin_boy
$	320	mod_farmer_q
$	321 mod_maria
$	322 mod_regis
$	323	mod_aureliano
$	400	vc_citizen
$	401	vc_non_citizen
$	402	vc_guard
$	403	vc_guard_burb
$	404	vc_slave
$	405	vc_prisoner
$	406	vc_slave_w
$	407	vc_citizen_house
$	408	vc_amanda
$	409	vc_doctor_andru
$	410	vc_barkus
$	411	vc_bar_visiter
$	412	vc_charli
$	413	vc_connar
$	414	vc_barman
$	415	vc_kertis
$	416	vc_darrow
$	417	vc_doctor_troy
$	418	vc_barman_lidia
$	419	vc_ed
$	420	vc_hoden
$	421	vc_miss_smit
$	422	vc_gate_guard
$	423	vc_peasant
$	424	vc_gregory
$	425	vc_garry
$	426	vc_joshua
$	427	vc_kohl
$	428	vc_lynnet
$	429	vc_macrae
$	430	vc_valery
$	431	vc_maclure
$	432	vc_melinda
$	433	vc_moore
$	434	vc_smith
$	435	vc_doctor_helene_troy
$	436	vc_outer_prizoner
$	437	vc_randal
$	438	vc_skeeve
$	439	vc_worker
$	440	vc_worker_w
$	441	vc_stark
$	442	vc_steeve
$	443	vc_martin
$	444	vc_citizen_closet
$	445	vc_vault_guard
$	446	vc_walles
$	447	vc_guard_gift
$	448	vc_guard_starm
$	449	vc_cindy
$	450	vc_black_jack
$	451	vc_hartmann
$	452	vc_guard_fighter
$	453	vc_guardsman
$	454	vc_shrim
$	455	vc_patroller
$	456	vc_killer
$	457	vc_telman
$	458	vc_guard_witness
$	459	vc_guardsman_quest
$	460 vc_mutant_charley
$	501	gecko_garold
$	502	gecko_citizen
$	503	gecko_citizen_glow
$	504	gecko_guard
$	505	gecko_bar_visitor
$	506	gecko_brain
$	507	gecko_festas
$	508	gecko_gordon
$	509	gecko_hank
$	510	gecko_jeremy
$	511	gecko_lenny
$	512	gecko_lumpy
$	513	gecko_persi
$	514	gecko_robot
$	515	gecko_sceetr
$	516	gecko_wooz
$	517	gecko_worship
$	518	gecko_zomak
$	600	bh_aileen
$	603	bh_bnkgrd
$	604	bh_brian
$	605	bh_chad
$	607	bh_chuck
$	608	bh_dan
$	609	bh_doc
$	610	bh_elmo
	611	bh_encha
	612	bh_enchb
$	613	bh_eric
$	614	bh_female
$	615	bh_franci
$	616	bh_frank
$	617	bh_ghoul
$	618	bh_hench
$	619	bh_huswif
$	620	bh_jacob
$	621	bh_liz
	622	bh_lumpy
$	623	bh_male
$	624	bh_manson
$	625	bh_marcus
$	626	bh_micky
$	627	bh_miners
$	628	bh_mutant
$	629	bh_oldghl
$	630	bh_outfit
$	631	bh_phil
$	632	bh_prof
$	633	bh_super
$	634	bh_seymor
$	635	bh_skorp
$	636	bh_steve
$	637	bh_sulvan
$	639	bh_typhon
$	640	bh_zaius
$	641	bh_mutant_female
$	642	bh_kit
$	643 bh_ghoul_follower
$	644	bh_tuko
$	645	bh_wonderer
$	646	bh_tramp
$	647 bh_silo_computer
$	700	nr_kitty
$	701	nr_casino_guard
$	702	nr_barmen
$	703	nr_bis_guard
$	704	nr_bishop
$	705	nr_bis_man
$	706	nr_bis_angela
$	707	nr_bis_miss
$	708	nr_mordino_big
$	709	nr_mordino_small
$	710	nr_mor_man
$	711	nr_write_orvill
$	712	nr_write_kriss
$	713	nr_write_entil
$	714	nr_write_kate
$	715	nr_write_child
$	716	nr_write_child_girl
$	717	nr_write_son
$	718	nr_write_daughter
$	719	nr_kors_snake
$	720	nr_kors_marti
$	721	nr_kors_sid
$	722	nr_kors_guard_woman
$	723	nr_kors_guard
$	724	nr_boxer
$	725	nr_boxer_fanat
$	726	nr_boxer_fanat_woman
$	727	nr_casino_player_woman
$	728	nr_casino_player
$	729	nr_comedy
$	730	nr_narcodealer
$	731	nr_monte
$	732	nr_monte_guard
$	733	nr_pornactres
$	734	nr_pornactres_new
$	735	nr_franch
$	736	nr_pain
$	737	nr_sims
$	738	nr_bill
$	739	nr_t-ray
$	740	nr_mechanic
$	741	nr_eldrid
$	742	nr_tully
$	743	nr_jimmy
$	744	nr_jules
$	745	nr_narcoman
$	746	nr_narcowoman
$	747	nr_lloyd
$	748	nr_salvatore
$	749	nr_salvatore_man
$	750	nr_mason
$	751	nr_holly
$	752	nr_mcgee
$	753	nr_mcknee
$	754	nr_miron_guard
$	755	nr_nikki
$	756	nr_pimp
$	757	nr_casino_boss_woman
$	758	nr_casino_boss
$	759	nr_prostitute
$	760	nr_renesco
$	761	nr_researcher
$	762	nr_scientist
$	763	nr_scientist_woman
$	764	nr_sheb
$	765	nr_slave
$	766	nr_slots
$	767	nr_tyson
$	768	nr_citizen
$	769	nr_citizen_woman
$	770	nr_cody
$	771	nr_algernon
$	772	nr_jessy
$	773	nr_jessy_man
$	774	nr_jeweller
$	775	nr_barmen_desp
$	776	nr_jowey
$	777 nr_natasha
$	778	nr_marodeur
$	779	nr_ramirez
$	780	nr_marodeur_guard
$	781	nr_wri_son_kidnap
$	782 nr_barmen_geck
$   783 golg_caravan
$   800 factionbase_terminal
$   900 nov_bart
$   901 nov_darrel
$   902 nov_silos_guard
$   903 nov_silos  
$	1000	ncr_dufus
$	1001	ncr_miky
$	1002	ncr_trader_buster
$	1003	ncr_trader_guard
$	1004	ncr_barmen_mira
$	1005	ncr_bar_visiter
$	1006	ncr_city_guard
$	1007	ncr_mutant_lenny
$	1008	ncr_ratch
$	1009	ncr_slaves
$	1010	ncr_vortis
$	1011	ncr_slave_guard
$	1012	ncr_slave_mainguard
$	1013	ncr_citizen
$	1014	ncr_policeman
$	1015	ncr_karl
$	1016	ncr_dumont
$	1017	ncr_trader_dappo
$	1018	ncr_repair_robot
$	1019	ncr_doroty
$	1020	ncr_rondo
$	1021	ncr_elize
$	1022	ncr_gond
$	1023	ncr_beggar
$	1024	ncr_barmen_dasty
$	1025	ncr_bos_chase
$	1026	ncr_doctor_jubiley
$	1027	ncr_doctor_claus
$	1028	ncr_hub_clearens
$	1029	ncr_grant
$	1030	ncr_bob
$	1031	ncr_felix
$	1032	ncr_westin
$	1033	ncr_workers
$	1034	ncr_gunter
$	1035	ncr_tandy
$	1036	ncr_fergus
$	1037	ncr_karlson
$	1038	ncr_karlson_guard
$	1039	ncr_karlson_son
$	1040	ncr_karlson_bodyguard
$	1041	ncr_captain
$	1042	ncr_merk
$	1043	ncr_merk_bodyguard
$	1044	ncr_jeck
$	1045	ncr_prisoner
$	1046	ncr_robodog
$	1047	ncr_kess
$	1048	ncr_michael
$	1049	ncr_alex
$ 	1050	sad_comp_q_ratch_baggi
$	1051	ncr_postman
$	1052	q_mail_reciever
$	1053	ncr_bos_guards
$	1054	ncr_luk_comp
$	1055	ncr_shaiman
$	1056	ncr_recruit_male
$	1057	ncr_recruit_female
$	1058	ncr_ranger_guard
$	1059	ncr_bill
$	1060	ncr_dan
$	1061	ncr_kyle
$	1062	ncr_poorman
$	1063	ncr_bazaar_citizien
$	1064	ncr_joahna
$	1065	ncr_smit
$	1066	ncr_caravan_guard
$ 	1067	ncr_santyago
$	1068	ncr_hal
$	1069	ncr_blackboard
$	1070	ncr_guardsman
$	1071	ncr_hate
$	1072	crvg_ncr_patroller
$	1100	cath_caravan1
$	1101	cath_caravan2
$	1102	cath_caravan3
$	1103	cath_chanter
$	1104	cath_guard1
$	1105	cath_guard2
$	1106	cath_guard3
$	1107	cath_guard4
$	1108	cath_pray1
$	1300	redd_doctor
$	1301	redd_ratt
$	1302	redd_citizen
$	1303	redd_guard
$	1304	redd_child
$	1305	redd_askorti
$	1306	redd_betti
$	1307	redd_caminet
$	1308	redd_trader
$	1309	redd_dick
$	1310	redd_fannie
$	1311	redd_fern
$	1312	redd_gambler
$	1313	redd_miner
$	1314	redd_farmer
$	1315	redd_alco
$	1316	redd_alco_woman
$	1317	redd_hoffy
$	1318	redd_jane
$	1319	redd_josh
$	1320	redd_lou
$	1321	redd_marge
$	1322	redd_marion
$	1323	redd_mcgrew
$	1324	redd_modjes
$	1325	redd_nordik
$	1326	redd_rooney
$	1327	redd_savinel
$	1328	redd_stanwell
$	1329	redd_velani
$	1330	redd_wade
$	1331	redd_melkor_small
$	1332	redd_fight_fanat
$	1333	redd_oldman
$	1335	redd_guard_rough
$	1336	redd_bill_hoffy
$	1337	redd_regulator
$	1338	redd_regulator_f
$	1339	redd_gate_guard
$	1340	redd_customs_officer
$	1341	redd_gate_guard_inner
$	1342	redd_jonnes
$	1343	redd_colby
$	1344	redd_annet
$	1345	redd_anderson
$	1346	redd_doctor_alan
$	1347	redd_inner_miner
$	1348	redd_patrol
$	1349	redd_andrew
$	1350	redd_mine_miner
$	1351	redd_mine_regulator
$	1352	redd_moore
$	1353	redd_poisoned
$	1354	redd_hubb
$	1400	sf_citizen_shue
$	1401	sf_guard_shue
$	1402	sf_trader_chiang
$	1403	sf_trader_lao
$	1404	sf_dragon
$	1405	sf_doctor_fung
$	1406	sf_technic
$	1407	sf_doctor_wong
$	1408	sf_kenli
$	1409	sf_poor_man
$	1410	sf_peasant
$	1411	sf_pank
$	1412	sf_pank_w
$	1413	sf_barmen_slim
$	1414	sf_badger
$	1415	sf_trader_jenny
$	1416	sf_trader_karl
$	1417	sf_hubguard
$	1418	sf_dave_x
$	1419	sf_garry_rocket
$	1420	sf_suze
$	1421	sf_doctor_tigang
$	1422	sf_chip
$	1423	sf_trader
$	1424	sf_axs7
$	1425	sf_axs9
$	1426	sf_ron
$	1427	sf_crocket
$	1428	sf_dock_kid
$	1429	sf_hubbolog
$	1430	sf_raian
$	1431	sf_huan_cruz
$	1432	sf_wikki_goldman
$	1433	sf_guard_shue_2
$	1434	sf_mark
$	1435	sf_china_kid
$	1436	sf_bro_zax
$	1437	sf_bro_eva
$	1438	sf_bro_entr_guard
$	1439	sf_bro_private
$	1440	sf_bro_paladin
$	1441	sf_narcoman
$	1442	sf_lo_pan
$	1443	sf_imbot
$	1444	sf_master_khung
$	1445	sf_kuraru
$	1446	sf_imperor
$	1447	sf_coast_diler
$	1448	sf_nancy
$	1449	sf_dead_bro
$	1450	sf_lair_bro_private
$	1451	sf_lair_bro_paladin
$	1452	sf_shi_comp
$	1453	sf_devin
$ 	1454	sf_bruce
$ 	1455	sf_khung
$ 	1456	sf_wei
$	1457    sf_wolf
$	1458 	sf_honomer
$	1459	sf_lab_guard
$	1460	sf_lab_laborant
$	1461	sf_lab_comp
$	1462	sf_lab_door_guard
$	1500	nav_tomas
$	1501	nav_samuel
$	1502	nav_migel
$	1503	nav_mark
$	1504	nav_sergant
$	1505	nav_soldier
$	1506	nav_genry
$	1507	nav_ashly
$	1508	nav_doc_eva
$	1509	nav_max
$	1510	nav_student
$	1511	nav_laborant
$	1512	nav_chris
$	1513	nav_soldier2
$	1600	arroyo_hodson
$	1601	arroyo_hodson_guard
$	1602	arroyo_caravaner
$	1603	arroyo_frobisher
$	1604	arroyo_vault_male
$	1605	arroyo_tribal_male
$	1606	arroyo_tribal_female
$	1607	arroyo_villager_male
$	1608	arroyo_villager_female
$	1609	arroyo_sanchos
$	1610	arroyo_bill
$	1611	arroyo_rocky
$	1612	arroyo_martin
$	1613	arroyo_joshua
$	1614	arroyo_tim
$	1615	arroyo_tribal_guy
$	1616	arroyo_rachael
$	1617	arroyo_francheska
$	1618	arroyo_doc
$	1619	arroyo_katrin
$	1620	arroyo_doc_edvin
$	1621	arroyo_cassidy
$	1622	arroyo_marie
$	1623	arroyo_lisa
$	1624	arroyo_niki
$	1625	arroyo_marvin
$	1626	arroyo_mikky
$	1627	arroyo_field_guard
$	1628	arroyo_vault_housemaiden
$	1629	arroyo_windtalker
$	1630	arroyo_sid
$	1631	arroyo_vault_female
$	1632	arroyo_morlis
$	1633	arroyo_jordan
$	1634	arroyo_temple_male
$	1635	arroyo_temple_female
$	1636	arroyo_warehouse_guard
$	1637	arroyo_prison_guard
$	1638	arroyo_leila
$	1639	arroyo_temple_scientist
$	1640	arroyo_steve_holiday
$	1641	arroyo_eduard
$	1642	arroyo_giliom
$	1643	arroyo_friedrich
$	1644	arroyo_rya
$	1645	arroyo_shaman
$	1646	arroyo_sad_woman
$	1647	arroyo_temple_guard
$	1648	arroyo_lucas
$	1649	arroyo_armory_guard
$	1650	arroyo_jonathan
$	1651	arroyo_todd
$	1652	arroyo_klint
$	1653	arroyo_narog
$	1654	arroyo_cameron
$	1655	arroyo_mynoc
$	1656	arroyo_meet
$	1657	arroyo_hub_guard
$	1678	arroyo_gayzum
$	1679	arroyo_laumer
$	1680	arroyo_selma
$	1690	arroyo_bank
$	1700	trib_sulik
$	1701	trib_manota
$	1702	trib_naiara
$	1703	trib_goyat
$	1704	trib_winona
$	1705	trib_maiara
$	1706	trib_hiawatha
$	1707	trib_aucaman
$	1708	trib_cuaht
$	1709	trib_musco
$	1710	trib_wayna
$	1711	trib_shikoba
$	1712	trib_ujarak
$	1713	trib_kaneon
$	1714	trib_nanuq
$	1715	trib_isi
$	1716	trib_cowes
$	1717	trib_maquinna
$	1718	trib_nuka
$	1719	trib_piloqut
$	1720	trib_milla
$	1721	trib_jaci
$	1722	trib_tamaya
$	1723	trib_nizhoni
$	1724	trib_dog1
$	1725	trib_dog2
$	1900	v13_soldier
$	1901	v13_male
$	1902	v13_female
$	1903	v13_norton
$	1904	v13_bob
$	1905	v13_tailor
$	1906	v13_chinese
$	1907	v13_xarn
$	1908	v13_goris
$	1909	v13_guard
$   2100    tbu_wounded_policeman
$	2101	tbu_dead_policeman
$	2102	tbu_dead_ranger
$	2103	tbu_rebel_ranger
$	2104	tbu_ramires
$	2105	tbu_harmon
$   2106    tbu_lvl1computer
$	2107	tbu_robo
$	2108    tbu_lvl2computer
$   2109    tbu_comp_door
$   2110	tbu_buffalo
$   2111    tbu_mendes
$   2112    tbu_burnham
$   2113    tbu_dead_bos
$	2200	barter_guard
$	2201	barter_dallas
$	2202	barter_kane
$	2203	barter_veronica
$	2204	barter_ash
$	2205	barter_brett
$	2206	barter_alan
$	2207	barter_parker
$	2208	barter_jones
$	2300	atoll_captain
$	2301	atoll_porter1
$	2302	atoll_porter2
$	2303	atoll_porter3
$	2304	atoll_trader
$	2305	atoll_barmen
$	2306	atoll_smuggler1
$	2307	atoll_smuggler2
$	2308	atoll_diver1
$	2309	atoll_diver2
$	2310	atoll_boatman
$	3100	bos_koen
$	3101	bos_cruz
$	3102	bos_malogarzt
$	3103	bos_ignat
$	3104	bos_citizen
$	3105	bos_paladin
$	3106	bos_scriber
$	3107	bos_jim
$	3108	bos_sasha
$	3300	zerg_fargus
$	3301	zerg_brahmin
$	3302	zerg_brahmin_terminal
$	3303	zerg_bh
$	3304	zerg_dead_nark
$	3305	zerg_deadmen
$	3306	zerg_patriarh
$	3307	zerg_issa
$	3308	zerg_push
$	3309	zerg_lab11
$	3310	zerg_lab12
$	3311	zerg_lab13
$	3312	zerg_lab14
$	3313	zerg_lab112
$	3314	zerg_lab243
$	3315	zerg_main_terminal
$	3316	zerg_nark
$	3317	zerg_man
$	3318	zerg_reqva
$	3319	zerg_roti
$	3320	zerg_serbian_man
$	3321	zerg_simms
$	3322	zerg_rat
$	3323	zerg_vojak
$	3324	zerg_whore
$	3325	zerg_brahmin_all
$	3326	zerg_brahmin_terminal1
$	3327	zerg_ra
$	3328	zerg_cocaine
$	4000	repl_hubb
$	4001	repl_hubb_oper
$	4050	repl_bank_banker
$	4051	repl_bank_guard
$	4052	repl_bank_keeper
$	4053	repl_terminal
$	4054	repl_trader
$	4055	repl_taxi1
$	4056	repl_taxi2
$	4057	repl_taxi3
$	4058	repl_taxi4
$	4099	repl_survivor
$	4197	crvg_gekkon
$	4198	crvg_common_female
$	4199	crvg_common_male
$	4200	all_q_dappo_deadmen
$	4203	crvg_petresku
$	4204	crvg_mazzy
$	4205	crvg_bomberman
$	4206	crvg_anaferon
$	4207	crvg_vasiliy
$	4208	crvg_killerlolpro
$	4209	crvg_zombie
$	4210	crvg_rat
$	4211	all_mslaver_elize_quest
$	4212	all_fslaver_elize_quest
$	4213	geck_door_outer
$	4214	geck_comp_inner
$	4215	q_hj_oldman
$	4216	q_hj_woman
$	4217	q_hj_child
$       4400    hell_charon
$       4401    hell_trader
$       4402    hell_ahs_5
$       4403    hell_hub_male
$       4404    hell_hub_female
$       4405    hell_student
$       4406    hell_vent_guard
$       4407    hell_hell_guard
$       4408    hell_last_warning
$       4409    hell_guard_captain
$       4410    hell_senior_hub
$       4411    hell_ghoul_guard
$       4412    hell_ghoul_supervisor
$       4413    hell_oscar
$       4414    hell_stanley
$       4415    hell_steven
$       4416    hell_quentin
$       4417    hell_punk_male
$       4418    hell_punk_female
$       4419    hell_tanner
$       4420    hell_assistant
$       4421    hell_sect
$       4422    hell_rolf
$       4423    hell_ama1
$       4424    hell_ama2
$       4425    hell_ama3
$       4426    hell_civil_male
$       4427    hell_civil_female
$       4428    hell_anarch
$       4429    hell_kai
$       4430    hell_duke
$       4431    hell_sam
$       4432    hell_mega
$       4433    hell_baddog
$       4434    hell_mutant
$       4435    hell_duke_punk
$       4436    hell_sinister
$       4437    hell_sinister_female
$       4438    hell_hans
$       4439    hell_ghoul_sci
$       4440    hell_tilli
$       4441    hell_billy
$       4442    hell_bom
$       4443    hell_gurthrual
$       4444    hell_ahs_7
$       4445    hell_ahs_lover
$       4446    hell_bunker_guard1
$       4447    hell_bunker_guard2
$       4448    hell_shop_warning
$       4449    hell_secretute
$       4450    hell_penny
$       4451    hell_penny_computer
$       4452    hell_mine_ore_reception
$       4453    hell_out_mines_terminal
$       4454    hell_mantiss
$       4455    hell_helacyton
$       4456    hell_mines_out_door_guard
$       4457    hell_driver
$       4458    hell_out_pipboys_terminal
$       4459    hell_pipboys_overseer
$       4460    hell_lumber_enter
$       4461    hell_lumber_exit
$       4462    hell_lumbertaker
$       4463    hell_pipboys_overseer_lady
$       4464    hell_pipboys_suicide
$       4465    hell_info_terminal
$       4466    hell_guard
$       4467    hell_turret
$       4468    hell_corridor_guard
$       4469    hell_mines_out_door_guard2
$       4470    hell_pandorra
$	5000	mob_norm_rat
$	5001	mob_pig_rat
$	5002	mob_mole_rat
$	5003	mob_int_mole_rat
$	5010	mob_small_scorp
$	5011	mob_large_scorp
$	5012	mob_mantis
$	5013	mob_giant_ant
$	5020	mob_silver_gecko
$	5021	mob_golden_gecko
$	5022	mob_fire_gecko
$	5030	mob_baby_deathclaw
$	5031	mob_adult_deathclaw
$	5032	mob_int_deathclaw
$	5033	mob_deathclaw_egg
$	5040	mob_robobrain
$	5041	mob_fly_eyeball
$	5042	mob_sentry_bot
$	5043	mob_mr_handy
$	5044	mob_floor_turret
$	5045	mob_plasma_turret
$	5050	mob_floater
$	5051	mob_centaur
$	5052	mob_wanamingo
$	5053	mob_spore_plant
$	5054	mob_dog
$	5055	mob_brahmin
$	5056	mob_alien
$	5057	mob_tribal
$	5058	mob_bandit
$	5059	mob_mutant
$	5060	mob_egg_wan
$	5061	mob_ill_brahmin
$   6000    avanpost_terminal
$	10000	enc_klad_trader
$	10001	enc_ocean_trader
$	10002	enc_ocean_america
$	10003	enc_arroyo_patrol
$	10010	enc_dmrv_trader
$	10020	enc_dvmv_trader
$	10030	enc_wild1_trader
$	10040	enc_den_trader
$	10050	enc_vault_trader
$	10060	enc_reno_trader
$	10070	enc_redd_trader
$	10071	enc_hell_patrol_guard
$	10072	enc_hell_patrol_hub
$	10073	enc_hell_fugitive
$	10080	enc_brok_trader
$	10090	enc_geck_trader
$	10100	enc_fran_trader
$	10110	enc_trav_trader
$	10120	enc_ncr_trader
$   10121   enc_caravan_guard
$	10130	enc_v15_trader
$	10131	se_teleport_computer
$	10132	se_kotw_memorial
$	10133	se_kotw_dead
$	10134	se_kotw_console1
$	10135	se_kotw_console2
$	10136   se_android_deadman
$   10150   se_woodsman 
$	10151   se_mengele
$   10152   se_tim
$	11004	intro_hub_init
$	13001	newb_replication_sam
$	13002	newb_repl_gorakk
$	13003	newbie_big_dick
$	13004	newbie_doc
$	13005	newbie_guard
$	13006	newbie_slave
$	13007	newbie_slave_cart
$	13008	newbie_slave_tom
$	13009	newbie_kurt
$	13010	newbie_smoker
$	13011	newbie_logan
$	13012	newbie_production_in_1
$	13013	newbie_production_in_2
$	13014	newbie_production_in_3
$	13015	newbie_production_out_1
$	13016	newbie_production_out_2
$	13017	newbie_production_out_3
$	13018	newbie_lambada
$	13019	newbie_sun
$	13020	newbie_steve
$	13021	newbie_generator
$	13022	test_give_loot
$	13023	newbie_outro_tom
$	13024	newbie_outro_exit_guard
$	13025	newbie_outro_elev_guard
$	13026	newbie_outro_trader
$	13027	newbie_mickey
$	13028   newbie_poor_slave
$	13029	newbie_zak
$	13030	newbie_miri
$	13031	newbie_slave_crafter
$	13032	newbie_slave_wood
$	13033	newbie_slave_rat
$	13034	newbie_gustav
$	13035	newbie_old_slave
$	13036	newbie_rori
$	13037	newbie_outro_terminal
$	13038	newbie_outro_medic
$	13039	newbie_robot_bender
$	13040	newbie_hilario_barman
$	13041	newbie_chico
$	13042	newbie_cheech
$	13043	newbie_chong
$	13044	newbie_booze_machine
$	13045	newbie_bernardo
$	13046	newbie_petra
$	13050	den_aukcion_small_guns
$	13051	den_aukcion_big_guns
$	13052	den_aukcion_energy
$	13053	den_aukcion_melee
$	13054	den_aukcion_armor
$	13055	den_aukcion
$	13056	den_aukcion_additional
$	13057	bh_mutant1
$	14000	patrol_arroyo
$	21000	q_arroyo_rayders
$	21002   generic_slave
$	21100 	purg_executor
$ 	21101 	purg_gate_keeper
$ 	21102 	purg_replicant
$ 	21103   purg_comp
$   21104 purg_guard
$   21105 purg_trader
$   21106 purg_guard2
$   21107 purg_hub1
************************************************************