0    ST_STRENGTH
1    ST_PERCEPTION
2    ST_ENDURANCE
3    ST_CHARISMA
4    ST_INTELLECT
5    ST_AGILITY
6    ST_LUCK
7    ST_MAX_LIFE
8    ST_ACTION_POINTS
9    ST_ARMOR_CLASS

10    ST_MELEE_DAMAGE
11    ST_CARRY_WEIGHT
12    ST_SEQUENCE
13    ST_HEALING_RATE
14    ST_CRITICAL_CHANCE
15    ST_MAX_CRITICAL
16    ST_NORMAL_ABSORB
17    ST_LASER_ABSORB
18    ST_FIRE_ABSORB
19    ST_PLASMA_ABSORB
20    ST_ELECTRO_ABSORB
21    ST_EMP_ABSORB
22    ST_EXPLODE_ABSORB
23    ST_NORMAL_RESIST
24    ST_LASER_RESIST
25    ST_FIRE_RESIST
26    ST_PLASMA_RESIST
27    ST_ELECTRO_RESIST
28    ST_EMP_RESIST
29    ST_EXPLODE_RESIST
30    ST_RADIATION_RESISTANCE    
31    ST_POISON_RESISTANCE
32    ST_COUNT_DRUGS
33    ST_STRENGTH_EXT
34    ST_PERCEPTION_EXT
35    ST_ENDURANCE_EXT
36    ST_CHARISMA_EXT
37    ST_INTELLECT_EXT
38    ST_AGILITY_EXT
39    ST_LUCK_EXT
40    ST_MAX_LIFE_EXT
41    ST_ACTION_POINTS_EXT
42    ST_ARMOR_CLASS_EXT
43    ST_MELEE_DAMAGE_EXT
44    ST_CARRY_WEIGHT_EXT
45    ST_SEQUENCE_EXT
46    ST_HEALING_RATE_EXT
47    ST_CRITICAL_CHANCE_EXT
48    ST_MAX_CRITICAL_EXT
49    ST_NORMAL_ABSORB_EXT
50    ST_LASER_ABSORB_EXT
51    ST_FIRE_ABSORB_EXT
52    ST_PLASMA_ABSORB_EXT
53    ST_ELECTRO_ABSORB_EXT
54    ST_EMP_ABSORB_EXT
55    ST_EXPLODE_ABSORB_EXT
56    ST_NORMAL_RESIST_EXT
57    ST_LASER_RESIST_EXT
58    ST_FIRE_RESIST_EXT
59    ST_PLASMA_RESIST_EXT
60    ST_ELECTRO_RESIST_EXT
61    ST_EMP_RESIST_EXT
62    ST_EXPLODE_RESIST_EXT
63    ST_RADIATION_RESISTANCE_EXT
64    ST_POISON_RESISTANCE_EXT
65    ST_COUNT_DRUGS_EXT
66    ST_KILL_EXPERIENCE
67    ST_BODY_TYPE
68    ST_LOCOMOTION_TYPE
69    ST_DAMAGE_TYPE
70    ST_AGE
71    ST_GENDER
72    ST_CURRENT_HP
73    ST_POISONING_LEVEL
74    ST_RADIATION_LEVEL
75    ST_CURRENT_AP
76    ST_EXPERIENCE
77    ST_LEVEL
78    ST_UNSPENT_SKILL_POINTS    
79    ST_UNSPENT_PERKS    
80    ST_KARMA    
81    ST_FOLLOW_CRIT    
82    ST_REPLICATION_MONEY    
83    ST_REPLICATION_COUNT    
84    ST_REPLICATION_TIME
85    ST_REPLICATION_COST
86    ST_TURN_BASED_AC    
87    ST_MAX_MOVE_AP    
88    ST_MOVE_AP    
89    ST_NPC_ROLE
90    ST_VAR0    
91    ST_VAR1    
92    ST_VAR2    
93    ST_VAR3
94    ST_VAR4
95    ST_VAR5
96    ST_VAR6
97    ST_VAR7
98    ST_VAR8
99    ST_VAR9

100     ST_PLAYER_KARMA
101	 	 ST_BONUS_LOOK
102     ST_HANDS_ITEM_AND_MODE
103     ST_FREE_BARTER_PLAYER
104     ST_DIALOG_ID
105     ST_AI_ID
106     ST_TEAM_ID
107     ST_BAG_ID
108     ST_LAST_STEAL_CR_ID
109     ST_STEAL_COUNT
110     ST_LAST_WEAPON_ID
111     ST_LAST_WEAPON_USE
112     ST_BASE_CRTYPE
113     ST_DEAD_BLOCKER_ID
114     ST_CURRENT_ARMOR_PERK
115     ST_TALK_DISTANCE
116     ST_SCALE_FACTOR 
117     ST_WALK_TIME	
118     ST_RUN_TIME	
119     ST_MAX_TALKERS
120     ST_FR_LEADERSHIP
121     ST_FR_CLIPBOARD
122     ST_CRITICAL_RESISTANCE
123     ST_FACTION
124     ST_THROWING_DAMAGE
125     ST_HEALING_LEVEL
126     ST_VISIBLE_DIST
127     ST_LAST_FACTION_QUIT
128     ST_DEAD_HIT_POINTS
129     ST_LAST_CRITTER_HEX
130     ST_NEXT_CRTYPE
131     ST_NEXT_REPLICATION_MAP
132     ST_NEXT_REPLICATION_ENTIRE
133     ST_CURRENT_MAP_TIME
134     ST_TRADER_RATE
135     ST_BONUS_WALK_TIME
136     ST_BONUS_RUN_TIME
137     ST_HASH_EMBLEM
138     ST_FIX_VERSION
139     ST_LAST_CRAFT_TIME
140     ST_ROLE_CITY
141     ST_NPC_PATROL_ID
142     ST_NPC_PATROL_NUMBER
143     ST_NPC_ATTACK_PLAYER_ID

145     ST_SAYAS
146     ST_ADMINGUI
147     ST_IS_FARM_CRITTER
148     ST_TEAM_VAR
149     ST_BIG_CITY_PENALTY

183     ST_DESEASE
184     ST_DESEASE_STAGE

185     ST_DEBUG_IM_TICK
186     ST_DEBUG_IM_COUNT
187     ST_DEBUG_IM_COUNT_WARNING

188     ST_ARENA_POINTS
189     ST_RADIOQUEST_BONUSES

190     ST_NPC_NAME_RUSS
191     ST_NPC_NAME_ENGL
192     ST_NPC_NAME_UKRA

193     ST_FIRE_DATA
194     ST_BATTLE_DATA
195     ST_DAMAGE_DONE
196     ST_DAMAGE_RECEIVED

197     ST_DIALOG_RESULT

198     ST_TOXIC
199     ST_RADIOACTIVE

*0
1     FIX_MOVE_TIME
2     FIX_PENALTY

*200
0      SK_SMALL_GUNS
1      SK_BIG_GUNS
2      SK_ENERGY_WEAPONS
3      SK_UNARMED
4      SK_LIONHEART
5      SK_THROWING
6      SK_FIRST_AID
7      SK_DOCTOR
8      SK_SNEAK
9      SK_LOCKPICK
10     SK_STEAL
11     SK_TRAPS
12     SK_SCIENCE
13     SK_REPAIR
14     SK_SPEECH
15     SK_BARTER
16     SK_GAMBLING
17     SK_OUTDOORSMAN

*230
0	 TO_SK_FIRST_AID
1	 TO_SK_DOCTOR
2	 TO_SK_REPAIR
3	 TO_SK_SCIENCE
4	 TO_SK_LOCKPICK
5	 TO_SK_STEAL
6	 TO_SK_OUTDOORSMAN

8	 TO_BATTLE
9	 TO_TRANSFER
10	 TO_REMOVE_FROM_GAME
11	 TO_REPLICATION
12	 TO_KARMA_VOTING
13	 TO_SNEAK
14	 TO_HEALING

18	 TO_STEALING
19	 TO_AGGRESSOR

*260
0      KILL_MEN
1      KILL_WOMEN
2      KILL_CHILDREN
3      KILL_SUPER_MUTANT
4      KILL_GHOUL
5      KILL_BRAHMIN
6      KILL_RADSCORPION
7      KILL_RAT
8      KILL_FLOATER
9      KILL_CENTAUR
10     KILL_ROBOT
11     KILL_DOG
12     KILL_MANTI
13     KILL_DEADCLAW
14     KILL_PLANT
15     KILL_GECKO
16     KILL_ALIEN
17     KILL_GIANT_ANT
18     KILL_BIG_BAD_BOSS

21 	   KILL_PLAYERS

*300
0	   PE_ARMOR_BUSTER
1      PE_AWARENESS
2      PE_BONUS_HTH_ATTACKS
3      PE_BONUS_HTH_DAMAGE
4      PE_BONUS_MOVE
5      PE_BONUS_RANGED_DAMAGE
6      PE_BONUS_RATE_OF_FIRE
7      PE_EARLIER_SEQUENCE
8      PE_FASTER_HEALING
9      PE_MORE_CRITICALS
10     PE_NIGHT_VISION
12     PE_RAD_RESISTANCE
13     PE_TOUGHNESS
14     PE_STRONG_BACK
15     PE_SHARPSHOOTER
16     PE_SILENT_RUNNING
17     PE_SURVIVALIST
18     PE_MASTER_TRADER
19     PE_EDUCATED
20     PE_HEALER
21     PE_FORTUNE_FINDER
22     PE_BETTER_CRITICALS
23     PE_EMPATHY
24     PE_SLAYER
25     PE_SNIPER
26     PE_SILENT_DEATH
27     PE_ACTION_BOY
29     PE_LIFEGIVER
30     PE_DODGER
31     PE_SNAKEATER
32     PE_MR_FIXIT
33     PE_MEDIC
34     PE_MASTER_THIEF
35     PE_SPEAKER
36     PE_HEAVE_HO
38     PE_PICKPOCKET
39     PE_GHOST
42     PE_EXPLORER
44     PE_PATHFINDER
45     PE_ANIMAL_FRIEND
46     PE_SCOUT
47     PE_MYSTERIOUS_STRANGER
48     PE_RANGER
49     PE_QUICK_POCKETS
50     PE_SMOOTH_TALKER
51     PE_SWIFT_LEARNER
53     PE_MUTATE
54	   PE_REANIMATOR
55	   PE_TAG
56	   PE_COMBAT_EVASION
57	   PE_REGROUPING
80     PE_ADRENALINE_RUSH
81     PE_CAUTIOUS_NATURE
82     PE_COMPREHENSION
83     PE_DEMOLITION_EXPERT
84     PE_GAMBLER
85     PE_GAIN_STRENGTH
86     PE_GAIN_PERCEPTION
87     PE_GAIN_ENDURANCE
88     PE_GAIN_CHARISMA
89     PE_GAIN_INTELLIGENCE
90     PE_GAIN_AGILITY
91     PE_GAIN_LUCK
92     PE_HARMLESS
93     PE_HERE_AND_NOW
94     PE_HTH_EVADE
95     PE_KAMA_SUTRA_MASTER
96     PE_KARMA_BEACON
97     PE_LIGHT_STEP
98     PE_LIVING_ANATOMY
99     PE_MAGNETIC_PERSONALITY
100    PE_NEGOTIATOR
101    PE_PACK_RAT
102    PE_PYROMANIAC
103    PE_QUICK_RECOVERY
104    PE_SALESMAN
105    PE_STONEWALL
106    PE_THIEF
107    PE_WEAPON_HANDLING
108    PE_VAULT_CITY_TRAINING
117    PE_EXPERT_EXCREMENT
119    PE_JINXED_II

130    PE_GECKO_SKINNING
131    PE_VAULT_CITY_INOCULATIONS
132    PE_DERMAL_IMPACT
133    PE_DERMAL_IMPACT_ENH
134    PE_PHOENIX_IMPLANTS
135    PE_PHOENIX_IMPLANTS_ENH
136    PE_NCR_PERCEPTION
137    PE_NCR_ENDURANCE
138    PE_NCR_BARTER
139    PE_NCR_REPAIR
140    PE_BRAMIN_SKINNING
141    PE_HUNTER
142    PE_TRACKER
143    PE_VAMPIRE_ACCURACY
144    PE_VAMPIRE_REGENERATION
145    PE_CHIP_ST
146    PE_CHIP_PE
147    PE_CHIP_EN	
148    PE_CHIP_CH
149    PE_CHIP_IN
150    PE_CHIP_AG
151    PE_BUTCHER
152    PE_CHIP_LK
153    PE_CHIP_MAX_HP
154    PE_CHIP_CARRY_WEIGHT
155    PE_CHIP_SEQUENCE
156    PE_CHIP_HEALING_RATE
157    PE_CHIP_CRITICAL_CHANCE
158    PE_CHIP_RADIATION_RESISTANCE
159    PE_CHIP_POISON_RESISTANCE
160    PE_CHIP_CRITICAL_RESISTANCE
161    PE_CHIP_ABSORB_SET1
162    PE_CHIP_ABSORB_SET2
163    PE_CHIP_RESIST_SET1
164    PE_CHIP_RESIST_SET2
165    PE_CHIP_AC
166    PE_CHIP_MELEE_DAMAGE
167    PE_CHIP_MOVEMENT_SPEED
168    PE_CHIP_AP
169    PE_CHIP_EVADE

*470
0    ADDICTION_NUKA_COLA
1    ADDICTION_BUFFOUT
2    ADDICTION_MENTATS
3    ADDICTION_PSYCHO
4    ADDICTION_RADAWAY
5    ADDICTION_JET
6    ADDICTION_TRAGIC
7    ADDICTION_VOODOO
8    ADDICTION_MUTIE
9    ADDICTION_GUM

*480
0      KARMA_BERSERKER
1      KARMA_CHAMPION
2      KARMA_CHILDKILLER
3      KARMA_SEXPERT
4      KARMA_PRIZEFIGHTER
5      KARMA_GIGOLO
6      KARMA_GRAVE_DIGGER
7      KARMA_MARRIED
8      KARMA_PORN_STAR
9      KARMA_SLAVER
10     KARMA_VIRGIN_WASTES
11     KARMA_MAN_SALVATORE
12     KARMA_MAN_BISHOP
13     KARMA_MAN_MORDINO
14     KARMA_MAN_WRIGHT
15     KARMA_SEPARATED
16     KARMA_PEDOBEAR
17     KARMA_VC_GUARDSMAN
18     KARMA_TRAPPER

*500
0      DAMAGE_POISONED
1      DAMAGE_RADIATED
2      DAMAGE_EYE
3      DAMAGE_RIGHT_ARM
4      DAMAGE_LEFT_ARM
5      DAMAGE_RIGHT_LEG
6      DAMAGE_LEFT_LEG
7	   DAMAGE_TONGUE

*510
0      MODE_HIDE
1      MODE_NO_STEAL
2      MODE_NO_BARTER
3      MODE_NO_ENEMY_STACK
4      MODE_NO_PVP
5      MODE_END_COMBAT
6      MODE_DEFAULT_COMBAT
7      MODE_NO_HOME
8      MODE_GECK
9      MODE_NO_FAVORITE_ITEM
10     MODE_NO_ITEM_GARBAGER
11     MODE_DLG_SCRIPT_BARTER
12     MODE_UNLIMITED_AMMO
13     MODE_NO_DROP
14     MODE_NO_LOOSE_LIMBS
15     MODE_DEAD_AGES
16     MODE_NO_HEAL
17     MODE_INVULNERABLE
18     MODE_NO_FLATTEN
19     MODE_SPECIAL_DEAD
20     MODE_RANGE_HTH
21     MODE_NO_KNOCK
22     MODE_NO_LOOT
23     MODE_NO_SUPPLY
24     MODE_NO_KARMA_ON_KILL
25     MODE_BARTER_ONLY_CASH
26     MODE_NO_PUSH
27     MODE_NO_UNARMED
28     MODE_NO_AIM
29     MODE_NO_WALK
30     MODE_NO_RUN
31     MODE_NO_TALK
35     MODE_TERMOVISOR
36     MODE_NIGHTVISOR
37 	   MODE_NO_SEE	
38	   MODE_ONLY_ARMOR_PID
39	   MODE_NO_ANIMATED_DEATH

*550
0      TRAIT_FAST_METABOLISM
1      TRAIT_BRUISER
2      TRAIT_SMALL_FRAME
3      TRAIT_ONE_HANDER
4      TRAIT_FINESSE
5      TRAIT_KAMIKAZE
6      TRAIT_HEAVY_HANDED
7      TRAIT_FAST_SHOT
8      TRAIT_BLOODY_MESS
9      TRAIT_JINXED
10     TRAIT_GOOD_NATURED
11     TRAIT_CHEM_RELIANT
12     TRAIT_CHEM_RESISTANT
13     TRAIT_SEX_APPEAL
14     TRAIT_SKILLED
15     TRAIT_NIGHT_PERSON

*570
0      REPUTATION_DEN
1      REPUTATION_KLAMATH
2      REPUTATION_MODOC
3      REPUTATION_VAULT_CITY
4      REPUTATION_GECKO
5      REPUTATION_BROKEN_HILLS
6      REPUTATION_NEW_RENO
7      REPUTATION_SIERRA
8      REPUTATION_VAULT15
9      REPUTATION_NCR
10     REPUTATION_CATHEDRAL
11     REPUTATION_MARIPOSA
12     REPUTATION_REDDING
13     REPUTATION_SF
14     REPUTATION_NAVARRO
15     REPUTATION_ARROYO
16     REPUTATION_PRIMAL_TRIBE
17     REPUTATION_RANGERS
18     REPUTATION_VAULT13
19     REPUTATION_SACRAMENTO

*600
0 	 PENALTY_DEN
1 	 PENALTY_KLAMATH
2	 PENALTY_MODOC
3	 PENALTY_VAULT_CITY
4	 PENALTY_GECKO
5	 PENALTY_BROKEN_HILLS
6	 PENALTY_NEW_RENO
7	 PENALTY_SIERRA
8	 PENALTY_VAULT15
9	 PENALTY_NCR
10	 PENALTY_CATHEDRAL
11	 PENALTY_SAD
12	 PENALTY_REDDING
13	 PENALTY_SF
14	 PENALTY_NAVARRO
15	 PENALTY_ARROYO
16	 PENALTY_PRIMAL_TRIBE
17	 PENALTY_RANGERS
18	 PENALTY_VAULT13
19	 PENALTY_SACRAMENTO

*630
0	CITY_ROLE_ENGINE_0

5	CITY_ROLE_IM_HOME
6	CITY_ROLE_FLAG
7	CITY_ROLE_TIME_PROVOKER
8	CITY_ROLE_DEFAULT_ROLE
9	CITY_ROLE_LOCATION_PID
10	CITY_ROLE_PENALTY_MODULE

*700
0	 ARMOR_BONUS_DRNORMAL	
1 	 ARMOR_BONUS_DRLASER
2	 ARMOR_BONUS_DRFIRE
3	 ARMOR_BONUS_DRPLASMA
4	 ARMOR_BONUS_DRELECTR
5 	 ARMOR_BONUS_DREXPLODE
6	 ARMOR_BONUS_DTNORMAL
7	 ARMOR_BONUS_DTLASER
8	 ARMOR_BONUS_DTFIRE
9	 ARMOR_BONUS_DTPLASMA
10	 ARMOR_BONUS_DTELECTR
11	 ARMOR_BONUS_AC
12	 ARMOR_BONUS_DTEXPLODE
13	 ARMOR_BONUS_DRRAD
14	 ARMOR_BONUS_CARRYWEIGHT
15	 ARMOR_BONUS_FASTERHEALING
16	 ARMOR_BONUS_HARISMA
17	 ARMOR_BONUS_PERCEPTION
18	 ARMOR_BONUS_STRENGTH
19	 ARMOR_BONUS_CRITICAL_RESISTANCE
20	 ARMOR_BONUS_LUCK
21	 ARMOR_BONUS_ACTION_POINTS
22	 WEAPON_BONUS_TOHIT
23	 WEAPON_BONUS_DMGMIN_MAIN
24	 WEAPON_BONUS_DMGMAX_MAIN
25	 WEAPON_BONUS_DMGMIN_EXT
26	 WEAPON_BONUS_DMGMAX_EXT
27	 ARMOR_BONUS_MELEE_DAMAGE
28	 ARMOR_BONUS_UPGRADE_SLOT_1
29	 ARMOR_BONUS_UPGRADE_SLOT_2
30	 ARMOR_BONUS_UPGRADE_SLOT_3

*750
0	 IN_FAST_PRODUCTION
1	 IN_MATERIAL_SAVINGS
2	 IN_REPROCESS_MASTER
3	 IN_INVENTOR
4	 IN_ADV_CRAFT_EXP

10	 IN_LEATHER_ARMOR_SCORE
11	 IN_METALL_ARMOR_SCORE
12	 IN_COMBAT_ARMOR_SCORE
13	 IN_POWER_ARMOR_SCORE
14	 IN_UNARMED_WEAPON_SCORE
15	 IN_SMALL_WEAPON_SCORE
16	 IN_BIG_WEAPON_SCORE
17	 IN_ENERGY_WEAPON_SCORE

20	 IN_KNOWLEDGE_THEIR_PRODUCTS
21	 IN_ROLL_BONUS_RANDOMISATION
22	 IN_CHANCE_BONUS_RANDOMISATION
23	 IN_ARMOR_MASTER
24	 IN_WEAPON_MASTER
25	 IN_LEATHER_ARMOR_SPECIALISATION
26	 IN_METALL_ARMOR_SPECIALISATION
27	 IN_COMBAT_ARMOR_SPECIALISATION
28	 IN_POWER_ARMOR_SPECIALISATION
29	 IN_SMALL_WEAPON_SPECIALISATION
30	 IN_BIG_WEAPON_SPECIALISATION
31	 IN_ENERGY_WEAPON_SPECIALISATION
32	 IN_UNARMED_WEAPON_SPECIALISATION

*800
0	 MERC_MASTER_ID
1	 MERC_ALWAYS_RUN
2	 MERC_CANCEL_ON_ATTACK
3	 MERC_LOSE_DIST
4	 MERC_MASTER_DIST
5	 MERC_TYPE
6	 MERC_DEFEND_MASTER
7	 MERC_ASSIST_MASTER
8	 MERC_CANCEL_TIME
9	 MERC_CANCEL_ON_GLOBAL

11	 MERC_WAIT_FOR_MASTER
12	 MERC_GIVEN
13	 MERC_IS_SLAVE
14	 MERC_FLAGS
15	 MERC_BEHAVIOUR_FLAGS

16	 MASTER_COUNT_MERC

*900
0	 CUSTOM_NAME_BEGIN
4	 CUSTOM_NAME_END

*960
0    PL_COUNT_POINT
1    PL_START_POINT
2     PL_CURRENT_POINT
3     PL_GRUP_NUMBER
4     PL_PATRULLER_ID

*970
0	 BB_RANGED_CRIT
1	 BB_MELEE_AND_THROWING_CRIT
2	 BB_MELEE_AND_THROWING_DAMAGE
3	 BB_ENERGY_DAMAGE
4	 BB_SMALL_DAMAGE
5	 BB_BIG_DAMAGE
6	 BB_RANGED_CRIT_ROLL
7	 BB_MELEE_AND_THROWING_CRIT_ROLL


